            --------------------------------------------------------
                             AMBER SQM VERSION 19
 
                                     By
              Ross C. Walker, Michael F. Crowley, Scott Brozell,
                         Tim Giese, Andreas W. Goetz,
                        Tai-Sung Lee and David A. Case
 
            --------------------------------------------------------
 

--------------------------------------------------------------------------------
  QM CALCULATION INFO
--------------------------------------------------------------------------------

| QMMM: Citation for AMBER QMMM Run:
| QMMM: R.C. Walker, M.F. Crowley and D.A. Case, J. COMP. CHEM. 29:1019, 2008

QMMM: SINGLET STATE CALCULATION
QMMM: RHF CALCULATION, NO. OF DOUBLY OCCUPIED LEVELS = 10

| QMMM: *** Selected Hamiltonian *** 
| QMMM: AM1         

| QMMM: *** Parameter sets in use ***
| QMMM: C : M.J.S.DEWAR et al. JACS, 107, 3902, (1985)
| QMMM: O : M.J.S.DEWAR et al. JACS, 107, 3902, (1985)
| QMMM: H : M.J.S.DEWAR et al. JACS, 107, 3902, (1985)

| QMMM: *** SCF convergence criteria ***
| QMMM: Energy change                :  0.1D-09 kcal/mol
| QMMM: Error matrix |FP-PF|         :  0.1D+00 au
| QMMM: Density matrix change        :  0.5D-06
| QMMM: Maximum number of SCF cycles :     1000

| QMMM: *** Diagonalization Routine Information ***
| QMMM: Pseudo diagonalizations are allowed.
| QMMM: Auto diagonalization routine selection is in use.
| QMMM:
| QMMM: Timing diagonalization routines:
| QMMM:                              norbs =       18
| QMMM:    diag iterations used for timing =       20
| QMMM:
| QMMM:              Internal diag routine = 0.000831 seconds
| QMMM:                 Dspev diag routine = 0.002670 seconds
| QMMM:                Dspevd diag routine = 0.002495 seconds
| QMMM:                Dspevx diag routine = 0.005156 seconds
| QMMM:                 Dsyev diag routine = 0.002193 seconds
| QMMM:                Dsyevd diag routine = 0.002328 seconds
| QMMM:                Dsyevr diag routine = 0.001911 seconds
| QMMM:
| QMMM:                Pseudo diag routine = 0.000229 seconds
| QMMM:
| QMMM: Using internal diagonalization routine (diag_routine=1).

  QMMM: QM Region Cartesian Coordinates (*=link atom) 
  QMMM: QM_NO.   MM_NO.  ATOM         X         Y         Z
  QMMM:     1        1      C       -0.0000   -0.0000    0.0000
  QMMM:     2        2      C        1.5000    0.0000    0.0000
  QMMM:     3        3      O        2.0010    0.7080   -1.2240
  QMMM:     4        4      H       -0.3340    0.9420    0.0000
  QMMM:     5        5      H       -0.3330   -0.4720    0.8170
  QMMM:     6        6      H       -0.3330   -0.4720   -0.8170
  QMMM:     7        7      H        1.8340   -0.9430   -0.0000
  QMMM:     8        8      H        1.8330    0.4710    0.8170
  QMMM:     9        9      H        3.0010    0.7090   -1.2240

--------------------------------------------------------------------------------
  RESULTS
--------------------------------------------------------------------------------

      iter         sqm energy              rms gradient
      ----    -------------------    -----------------------
xmin    10      -62.7236 kcal/mol        0.1479 kcal/(mol*A)
xmin    20      -62.7242 kcal/mol        0.0127 kcal/(mol*A)
xmin    30      -62.7242 kcal/mol        0.0021 kcal/(mol*A)
xmin    40      -62.7242 kcal/mol        0.0011 kcal/(mol*A)
xmin    50      -62.7242 kcal/mol        0.0008 kcal/(mol*A)
xmin    50      -62.7242 kcal/mol        0.0005 kcal/(mol*A)
  ... geometry converged !
 
 Final MO eigenvalues (eV):
 -38.0991  -31.4106  -23.2456  -18.4193  -16.1105  -14.9693  -13.1875  -12.8313
 -12.3293  -10.8756    3.5650    3.8944    4.1216    4.3377    4.8271    4.8626
   5.0389    6.2823

 Heat of formation   =        -62.72424274 kcal/mol  (       -2.71992727 eV)

 Total SCF energy    =     -15215.39034261 kcal/mol  (     -659.78883581 eV)
 Electronic energy   =     -41254.18481449 kcal/mol  (    -1788.91569379 eV)
 Core-core repulsion =      26038.79447188 kcal/mol  (     1129.12685798 eV)
 
    Atomic Charges for Step       1 :
  Atom    Element       Mulliken Charge
     1      C                 -0.215
     2      C                 -0.019
     3      O                 -0.330
     4      H                  0.087
     5      H                  0.077
     6      H                  0.087
     7      H                  0.058
     8      H                  0.058
     9      H                  0.197
 Total Mulliken Charge =      -0.000
 
                  X        Y        Z     TOTAL  
  QM DIPOLE     0.710   -0.693    1.191    1.551
 
 Final Structure

  QMMM: QM Region Cartesian Coordinates (*=link atom) 
  QMMM: QM_NO.   MM_NO.  ATOM         X         Y         Z
  QMMM:     1        1      C        0.0171    0.0125   -0.0221
  QMMM:     2        2      C        1.5288    0.0121   -0.0220
  QMMM:     3        3      O        1.9522    0.6930   -1.1934
  QMMM:     4        4      H       -0.3700    1.0593   -0.0235
  QMMM:     5        5      H       -0.3556   -0.5156    0.8869
  QMMM:     6        6      H       -0.3703   -0.5046   -0.9322
  QMMM:     7        7      H        1.9253   -1.0393   -0.0296
  QMMM:     8        8      H        1.9257    0.5387    0.8879
  QMMM:     9        9      H        2.9158    0.6869   -1.1831

           --------- Calculation Completed ----------

