
          -------------------------------------------------------
          Amber 18 SANDER                              2018
          -------------------------------------------------------

| Run on 05/25/2020 at 21:39:47

|   Executable path: /home/guscafe/Documents/amber18/bin/sander.MPI
| Working directory: /home/guscafe/Documents/amber18/B02_Tutorial/Eth_Wat_mix/MD2
|          Hostname: Unknown
  [-O]verwriting output

File Assignments:
|  MDIN: DNA_md2.in                                                            
| MDOUT: Output/DNA_md2.out                                                    
|INPCRD: Output/DNA_md1.ncrst                                                  
|  PARM: ../dna.prmtop                                                         
|RESTRT: Output/DNA_md2.ncrst                                                  
|  REFC: refc                                                                  
| MDVEL: mdvel                                                                 
| MDFRC: mdfrc                                                                 
|  MDEN: mden                                                                  
| MDCRD: Output/DNA_md2.nc                                                     
|MDINFO: mdinfo                                                                
|  MTMD: mtmd                                                                  
|INPDIP: inpdip                                                                
|RSTDIP: rstdip                                                                
|INPTRA: inptraj                                                               

|    REMLOG: rem.log
|   REMTYPE: rem.type
|  REMSTRIP: 
|   SAVEENE: saveene
|CLUSTERINF: cluster.info
| RESERVOIR: reserv/frame
|   REMDDIM: 


 Here is the input file:

A-DNA 10-mer: 200ps of MD                                                      
 &cntrl                                                                        
  imin = 0, irest = 1, ntx = 5,                                                
  ntb = 2, pres0 = 1.0, ntp = 1,                                               
  taup = 2.0,                                                                  
  cut = 10.0, ntr = 0,                                                         
  ntc = 2, ntf = 2,                                                            
  tempi = 300.0, temp0 = 300.0,                                                
  ntt = 3, gamma_ln = 1.0,                                                     
  nstlim = 100000, dt = 0.002,                                                 
  ntpr = 250, ntwx = 250, ntwr = 10000                                         
 /                                                                             

--------------------------------------------------------------------------------
   1.  RESOURCE   USE: 
--------------------------------------------------------------------------------

| Flags: MPI                                                                    
 getting box info from netcdf restart file
| NetCDF restart box info found
|Largest sphere to fit in unit cell has radius =    40.000
| New format PARM file being parsed.
| Version =    1.000 Date = 05/20/20 Time = 19:35:35
 NATOM  =   16124 NTYPES =      17 NBONH =   13491 MBONA  =    1926
 NTHETH =    9398 MTHETA =    1431 NPHIH =   12876 MPHIA  =    1326
 NHPARM =       0 NPARM  =       0 NNB   =   40400 NRES   =    3720
 NBONA  =    1926 NTHETA =    1431 NPHIA =    1326 NUMBND =      46
 NUMANG =      82 NPTRA  =      56 NATYP =      34 NPHB   =       1
 IFBOX  =       1 NMXRS  =      33 IFCAP =       0 NEXTRA =       0
 NCOPY  =       0


|     Memory Use     Allocated
|     Real             1196092
|     Hollerith          52094
|     Integer          1117933
|     Max Pairs        2321856
|     nblistReal        193488
|     nblist Int        966126
|       Total            28270 kbytes

| Note: 1-4 EEL scale factors are being read from the topology file.

| Note: 1-4 VDW scale factors are being read from the topology file.
| Duplicated    0 dihedrals
| Duplicated    0 dihedrals

     BOX TYPE: RECTILINEAR

--------------------------------------------------------------------------------
   2.  CONTROL  DATA  FOR  THE  RUN
--------------------------------------------------------------------------------

default_name                                                                    

General flags:
     imin    =       0, nmropt  =       0

Nature and format of input:
     ntx     =       5, irest   =       1, ntrx    =       1

Nature and format of output:
     ntxo    =       2, ntpr    =     250, ntrx    =       1, ntwr    =   10000
     iwrap   =       0, ntwx    =     250, ntwv    =       0, ntwe    =       0
     ioutfm  =       1, ntwprt  =       0, idecomp =       0, rbornstat=      0

Potential function:
     ntf     =       2, ntb     =       2, igb     =       0, nsnb    =      25
     ipol    =       0, gbsa    =       0, iesp    =       0
     dielc   =   1.00000, cut     =  10.00000, intdiel =   1.00000

Frozen or restrained atoms:
     ibelly  =       0, ntr     =       0

Molecular dynamics:
     nstlim  =    100000, nscm    =      1000, nrespa  =         1
     t       =   0.00000, dt      =   0.00200, vlimit  =  20.00000

Langevin dynamics temperature regulation:
     ig      =   71277
     temp0   = 300.00000, tempi   = 300.00000, gamma_ln=   1.00000

Pressure regulation:
     ntp     =       1
     pres0   =   1.00000, comp    =  44.60000, taup    =   2.00000

SHAKE:
     ntc     =       2, jfastw  =       0
     tol     =   0.00001

Ewald parameters:
     verbose =       0, ew_type =       0, nbflag  =       1, use_pme =       1
     vdwmeth =       1, eedmeth =       1, netfrc  =       1
     Box X =   80.000   Box Y =   80.000   Box Z =   80.000
     Alpha =   90.000   Beta  =   90.000   Gamma =   90.000
     NFFT1 =   80       NFFT2 =   80       NFFT3 =   80
     Cutoff=   10.000   Tol   =0.100E-04
     Ewald Coefficient =  0.27511
     Interpolation order =    4

| MPI Timing options:
|      profile_mpi =        0
|  INFO: Old style inpcrd file read


--------------------------------------------------------------------------------
   3.  ATOMIC COORDINATES AND VELOCITIES
--------------------------------------------------------------------------------

default_name                                                                    
 begin time read from input coords =    20.000 ps

 Number of triangulated 3-point waters found:     2945
|  Atom division among processors:
|         0    4031    8063   12095   16124

     Sum of charges from parm topology file =   0.00073869
     Forcing neutrality...
|  Running AMBER/MPI version on    4 nodes


--------------------------------------------------------------------------------
   4.  RESULTS
--------------------------------------------------------------------------------

|  # of SOLUTE  degrees of freedom (RNDFP):   34881.
|  # of SOLVENT degrees of freedom (RNDFS):       0.
|  NDFMIN =   34881.     NUM_NOSHAKE =      0     CORRECTED RNDFP =   34881.
|  TOTAL # of degrees of freedom (RNDF) =   34881.
 ---------------------------------------------------
 APPROXIMATING switch and d/dx switch using CUBIC SPLINE INTERPOLATION
 using   5000.0 points per unit in tabled values
 TESTING RELATIVE ERROR over r ranging from 0.0 to cutoff
| CHECK switch(x): max rel err =   0.2738E-14   at   2.422500
| CHECK d/dx switch(x): max rel err =   0.8314E-11   at   2.736960
 ---------------------------------------------------
| Local SIZE OF NONBOND LIST =     946868
| TOTAL SIZE OF NONBOND LIST =    3039842

 NSTEP =      250   TIME(PS) =      20.500  TEMP(K) =   303.10  PRESS =  -138.4
 Etot   =    -23197.0553  EKtot   =     10504.6709  EPtot      =    -33701.7262
 BOND   =       584.9198  ANGLE   =      2945.4575  DIHED      =      1705.2872
 1-4 NB =       329.1791  1-4 EEL =     -7116.1341  VDWAALS    =      2342.4161
 EELEC  =    -34492.8517  EHBOND  =         0.0000  RESTRAINT  =         0.0000
 EKCMT  =      3432.5276  VIRIAL  =      4960.3988  VOLUME     =    511216.2642
                                                    Density    =         0.3036
 Ewald error estimate:   0.1373E-03
 ------------------------------------------------------------------------------


 NSTEP =      500   TIME(PS) =      21.000  TEMP(K) =   301.04  PRESS =  -235.0
 Etot   =    -23259.4686  EKtot   =     10433.3384  EPtot      =    -33692.8070
 BOND   =       628.5184  ANGLE   =      2856.6071  DIHED      =      1729.3157
 1-4 NB =       348.8787  1-4 EEL =     -7084.6879  VDWAALS    =      2250.6419
 EELEC  =    -34422.0810  EHBOND  =         0.0000  RESTRAINT  =         0.0000
 EKCMT  =      3284.8025  VIRIAL  =      5873.3969  VOLUME     =    510270.3810
                                                    Density    =         0.3041
 Ewald error estimate:   0.1875E-03
 ------------------------------------------------------------------------------


 NSTEP =      750   TIME(PS) =      21.500  TEMP(K) =   301.23  PRESS =  -114.9
 Etot   =    -23491.5881  EKtot   =     10440.0172  EPtot      =    -33931.6053
 BOND   =       594.9770  ANGLE   =      2865.9136  DIHED      =      1708.5141
 1-4 NB =       339.7867  1-4 EEL =     -7102.0985  VDWAALS    =      2462.6977
 EELEC  =    -34801.3959  EHBOND  =         0.0000  RESTRAINT  =         0.0000
 EKCMT  =      3291.5511  VIRIAL  =      4555.2706  VOLUME     =    509542.6703
                                                    Density    =         0.3046
 Ewald error estimate:   0.1670E-03
 ------------------------------------------------------------------------------


 NSTEP =     1000   TIME(PS) =      22.000  TEMP(K) =   299.15  PRESS =  -163.7
 Etot   =    -23433.9954  EKtot   =     10367.6950  EPtot      =    -33801.6904
 BOND   =       614.6692  ANGLE   =      2899.5255  DIHED      =      1713.4371
 1-4 NB =       355.7545  1-4 EEL =     -7152.3390  VDWAALS    =      2329.9902
 EELEC  =    -34562.7278  EHBOND  =         0.0000  RESTRAINT  =         0.0000
 EKCMT  =      3334.2999  VIRIAL  =      5132.8894  VOLUME     =    508933.1073
                                                    Density    =         0.3049
 Ewald error estimate:   0.3090E-04
 ------------------------------------------------------------------------------


 NSTEP =     1250   TIME(PS) =      22.500  TEMP(K) =   299.49  PRESS =  -234.0
 Etot   =    -23386.0167  EKtot   =     10379.7170  EPtot      =    -33765.7337
 BOND   =       613.4098  ANGLE   =      2906.6091  DIHED      =      1739.7639
 1-4 NB =       341.0127  1-4 EEL =     -7086.4685  VDWAALS    =      2178.1574
 EELEC  =    -34458.2180  EHBOND  =         0.0000  RESTRAINT  =         0.0000
 EKCMT  =      3275.1831  VIRIAL  =      5842.5350  VOLUME     =    508256.7300
                                                    Density    =         0.3053
 Ewald error estimate:   0.1742E-03
 ------------------------------------------------------------------------------


 NSTEP =     1500   TIME(PS) =      23.000  TEMP(K) =   300.04  PRESS =  -160.9
 Etot   =    -23569.4039  EKtot   =     10398.8434  EPtot      =    -33968.2473
 BOND   =       630.3240  ANGLE   =      2816.8296  DIHED      =      1712.0446
 1-4 NB =       339.9247  1-4 EEL =     -7127.0015  VDWAALS    =      2416.5750
 EELEC  =    -34756.9437  EHBOND  =         0.0000  RESTRAINT  =         0.0000
 EKCMT  =      3306.0006  VIRIAL  =      5069.0147  VOLUME     =    507371.8892
                                                    Density    =         0.3059
 Ewald error estimate:   0.1976E-04
 ------------------------------------------------------------------------------


 NSTEP =     1750   TIME(PS) =      23.500  TEMP(K) =   303.54  PRESS =  -166.9
 Etot   =    -23561.1286  EKtot   =     10519.8728  EPtot      =    -34081.0014
 BOND   =       644.8602  ANGLE   =      2873.0351  DIHED      =      1708.5467
 1-4 NB =       331.9139  1-4 EEL =     -7120.5450  VDWAALS    =      2441.3354
 EELEC  =    -34960.1477  EHBOND  =         0.0000  RESTRAINT  =         0.0000
 EKCMT  =      3387.1390  VIRIAL  =      5212.8361  VOLUME     =    506552.5730
                                                    Density    =         0.3064
 Ewald error estimate:   0.7748E-06
 ------------------------------------------------------------------------------


 NSTEP =     2000   TIME(PS) =      24.000  TEMP(K) =   300.10  PRESS =  -124.0
 Etot   =    -23555.1810  EKtot   =     10400.7622  EPtot      =    -33955.9432
 BOND   =       613.3832  ANGLE   =      2844.6016  DIHED      =      1723.7314
 1-4 NB =       336.6636  1-4 EEL =     -7090.9850  VDWAALS    =      2379.2334
 EELEC  =    -34762.5714  EHBOND  =         0.0000  RESTRAINT  =         0.0000
 EKCMT  =      3361.9696  VIRIAL  =      4716.2228  VOLUME     =    505910.0615
                                                    Density    =         0.3068
 Ewald error estimate:   0.3451E-04
 ------------------------------------------------------------------------------


 NSTEP =     2250   TIME(PS) =      24.500  TEMP(K) =   303.31  PRESS =  -136.2
 Etot   =    -23671.9328  EKtot   =     10512.0755  EPtot      =    -34184.0084
 BOND   =       582.9002  ANGLE   =      2799.3936  DIHED      =      1682.9704
 1-4 NB =       333.4232  1-4 EEL =     -7096.9959  VDWAALS    =      2431.4085
 EELEC  =    -34917.1083  EHBOND  =         0.0000  RESTRAINT  =         0.0000
 EKCMT  =      3401.5614  VIRIAL  =      4887.0804  VOLUME     =    505132.6161
                                                    Density    =         0.3072
 Ewald error estimate:   0.1493E-03
 ------------------------------------------------------------------------------


 NSTEP =     2500   TIME(PS) =      25.000  TEMP(K) =   297.74  PRESS =   -87.4
 Etot   =    -23753.4773  EKtot   =     10318.9644  EPtot      =    -34072.4417
 BOND   =       596.2795  ANGLE   =      2866.3928  DIHED      =      1707.6394
 1-4 NB =       335.4707  1-4 EEL =     -7129.8556  VDWAALS    =      2507.0984
 EELEC  =    -34955.4668  EHBOND  =         0.0000  RESTRAINT  =         0.0000
 EKCMT  =      3301.8180  VIRIAL  =      4253.9913  VOLUME     =    504401.0282
                                                    Density    =         0.3077
 Ewald error estimate:   0.6364E-04
 ------------------------------------------------------------------------------


 NSTEP =     2750   TIME(PS) =      25.500  TEMP(K) =   296.15  PRESS =   -38.3
 Etot   =    -23882.2092  EKtot   =     10264.0025  EPtot      =    -34146.2117
 BOND   =       619.2227  ANGLE   =      2863.1572  DIHED      =      1719.8581
 1-4 NB =       346.7957  1-4 EEL =     -7140.1209  VDWAALS    =      2582.5050
 EELEC  =    -35137.6295  EHBOND  =         0.0000  RESTRAINT  =         0.0000
 EKCMT  =      3280.2014  VIRIAL  =      3696.8061  VOLUME     =    503611.1980
                                                    Density    =         0.3082
 Ewald error estimate:   0.1475E-04
 ------------------------------------------------------------------------------


 NSTEP =     3000   TIME(PS) =      26.000  TEMP(K) =   300.93  PRESS =  -125.2
 Etot   =    -23840.2192  EKtot   =     10429.3932  EPtot      =    -34269.6125
 BOND   =       599.3953  ANGLE   =      2861.7950  DIHED      =      1725.2972
 1-4 NB =       339.5465  1-4 EEL =     -7132.8870  VDWAALS    =      2495.8624
 EELEC  =    -35158.6218  EHBOND  =         0.0000  RESTRAINT  =         0.0000
 EKCMT  =      3330.5030  VIRIAL  =      4690.2404  VOLUME     =    503037.0439
                                                    Density    =         0.3085
 Ewald error estimate:   0.1277E-03
 ------------------------------------------------------------------------------


 NSTEP =     3250   TIME(PS) =      26.500  TEMP(K) =   295.67  PRESS =  -102.1
 Etot   =    -23859.5094  EKtot   =     10247.0881  EPtot      =    -34106.5975
 BOND   =       630.4127  ANGLE   =      2903.1579  DIHED      =      1713.3878
 1-4 NB =       348.2512  1-4 EEL =     -7148.9614  VDWAALS    =      2504.7008
 EELEC  =    -35057.5467  EHBOND  =         0.0000  RESTRAINT  =         0.0000
 EKCMT  =      3319.9807  VIRIAL  =      4427.3974  VOLUME     =    502471.4867
                                                    Density    =         0.3088
 Ewald error estimate:   0.6093E-05
 ------------------------------------------------------------------------------


 NSTEP =     3500   TIME(PS) =      27.000  TEMP(K) =   300.87  PRESS =  -150.1
 Etot   =    -23826.2888  EKtot   =     10427.5718  EPtot      =    -34253.8605
 BOND   =       628.2451  ANGLE   =      2856.6690  DIHED      =      1736.4440
 1-4 NB =       341.7207  1-4 EEL =     -7112.0183  VDWAALS    =      2298.6494
 EELEC  =    -35003.5704  EHBOND  =         0.0000  RESTRAINT  =         0.0000
 EKCMT  =      3280.9730  VIRIAL  =      4907.4937  VOLUME     =    501720.4051
                                                    Density    =         0.3093
 Ewald error estimate:   0.4775E-04
 ------------------------------------------------------------------------------


 NSTEP =     3750   TIME(PS) =      27.500  TEMP(K) =   298.93  PRESS =  -156.3
 Etot   =    -23881.8671  EKtot   =     10360.0388  EPtot      =    -34241.9059
 BOND   =       632.3567  ANGLE   =      2851.3118  DIHED      =      1704.6912
 1-4 NB =       348.3475  1-4 EEL =     -7128.8981  VDWAALS    =      2419.9452
 EELEC  =    -35069.6602  EHBOND  =         0.0000  RESTRAINT  =         0.0000
 EKCMT  =      3323.0272  VIRIAL  =      5013.1874  VOLUME     =    500733.0854
                                                    Density    =         0.3099
 Ewald error estimate:   0.2468E-03
 ------------------------------------------------------------------------------


 NSTEP =     4000   TIME(PS) =      28.000  TEMP(K) =   298.57  PRESS =   -99.5
 Etot   =    -24045.5351  EKtot   =     10347.5999  EPtot      =    -34393.1350
 BOND   =       632.4543  ANGLE   =      2855.0079  DIHED      =      1691.0275
 1-4 NB =       338.7549  1-4 EEL =     -7133.8291  VDWAALS    =      2379.6471
 EELEC  =    -35156.1976  EHBOND  =         0.0000  RESTRAINT  =         0.0000
 EKCMT  =      3265.5700  VIRIAL  =      4340.0668  VOLUME     =    499914.9089
                                                    Density    =         0.3104
 Ewald error estimate:   0.5916E-05
 ------------------------------------------------------------------------------


 NSTEP =     4250   TIME(PS) =      28.500  TEMP(K) =   301.32  PRESS =   -90.4
 Etot   =    -23987.0641  EKtot   =     10443.1701  EPtot      =    -34430.2341
 BOND   =       587.0872  ANGLE   =      2886.1251  DIHED      =      1693.7418
 1-4 NB =       344.0582  1-4 EEL =     -7124.2252  VDWAALS    =      2325.6560
 EELEC  =    -35142.6773  EHBOND  =         0.0000  RESTRAINT  =         0.0000
 EKCMT  =      3396.4382  VIRIAL  =      4371.1948  VOLUME     =    499171.9713
                                                    Density    =         0.3109
 Ewald error estimate:   0.5001E-04
 ------------------------------------------------------------------------------


 NSTEP =     4500   TIME(PS) =      29.000  TEMP(K) =   305.25  PRESS =  -156.6
 Etot   =    -23879.3910  EKtot   =     10579.1600  EPtot      =    -34458.5510
 BOND   =       587.4360  ANGLE   =      2807.6537  DIHED      =      1693.8408
 1-4 NB =       329.6139  1-4 EEL =     -7087.1619  VDWAALS    =      2190.1886
 EELEC  =    -34980.1221  EHBOND  =         0.0000  RESTRAINT  =         0.0000
 EKCMT  =      3400.0538  VIRIAL  =      5086.6500  VOLUME     =    498699.4637
                                                    Density    =         0.3112
 Ewald error estimate:   0.1146E-03
 ------------------------------------------------------------------------------


 NSTEP =     4750   TIME(PS) =      29.500  TEMP(K) =   301.74  PRESS =   -80.8
 Etot   =    -23940.3578  EKtot   =     10457.7385  EPtot      =    -34398.0963
 BOND   =       570.8728  ANGLE   =      2875.6294  DIHED      =      1725.8068
 1-4 NB =       340.5624  1-4 EEL =     -7101.6222  VDWAALS    =      2412.2989
 EELEC  =    -35221.6445  EHBOND  =         0.0000  RESTRAINT  =         0.0000
 EKCMT  =      3423.2709  VIRIAL  =      4292.0008  VOLUME     =    497905.4119
                                                    Density    =         0.3117
 Ewald error estimate:   0.5062E-04
 ------------------------------------------------------------------------------


 NSTEP =     5000   TIME(PS) =      30.000  TEMP(K) =   297.96  PRESS =  -121.3
 Etot   =    -24023.5848  EKtot   =     10326.6695  EPtot      =    -34350.2542
 BOND   =       617.3840  ANGLE   =      2901.9313  DIHED      =      1706.8900
 1-4 NB =       333.3133  1-4 EEL =     -7098.5778  VDWAALS    =      2304.8543
 EELEC  =    -35116.0493  EHBOND  =         0.0000  RESTRAINT  =         0.0000
 EKCMT  =      3323.6669  VIRIAL  =      4625.5684  VOLUME     =    497146.8150
                                                    Density    =         0.3122
 Ewald error estimate:   0.5175E-04
 ------------------------------------------------------------------------------


 NSTEP =     5250   TIME(PS) =      30.500  TEMP(K) =   303.52  PRESS =  -139.8
 Etot   =    -23948.1193  EKtot   =     10519.3615  EPtot      =    -34467.4808
 BOND   =       596.1577  ANGLE   =      2861.7184  DIHED      =      1669.7088
 1-4 NB =       333.7984  1-4 EEL =     -7112.4330  VDWAALS    =      2357.8461
 EELEC  =    -35174.2772  EHBOND  =         0.0000  RESTRAINT  =         0.0000
 EKCMT  =      3318.3830  VIRIAL  =      4816.2441  VOLUME     =    496392.1725
                                                    Density    =         0.3126
 Ewald error estimate:   0.1231E-03
 ------------------------------------------------------------------------------


 NSTEP =     5500   TIME(PS) =      31.000  TEMP(K) =   300.31  PRESS =  -111.8
 Etot   =    -24011.4713  EKtot   =     10407.9121  EPtot      =    -34419.3834
 BOND   =       615.9059  ANGLE   =      2887.2622  DIHED      =      1711.8871
 1-4 NB =       346.2394  1-4 EEL =     -7132.5035  VDWAALS    =      2250.8985
 EELEC  =    -35099.0731  EHBOND  =         0.0000  RESTRAINT  =         0.0000
 EKCMT  =      3366.8877  VIRIAL  =      4563.7274  VOLUME     =    495879.0774
                                                    Density    =         0.3130
 Ewald error estimate:   0.4809E-04
 ------------------------------------------------------------------------------


 NSTEP =     5750   TIME(PS) =      31.500  TEMP(K) =   299.81  PRESS =  -197.3
 Etot   =    -24134.5724  EKtot   =     10390.7832  EPtot      =    -34525.3556
 BOND   =       601.3417  ANGLE   =      2878.3776  DIHED      =      1724.8233
 1-4 NB =       334.9865  1-4 EEL =     -7120.5628  VDWAALS    =      2233.2026
 EELEC  =    -35177.5245  EHBOND  =         0.0000  RESTRAINT  =         0.0000
 EKCMT  =      3338.7637  VIRIAL  =      5448.3620  VOLUME     =    495140.6285
                                                    Density    =         0.3134
 Ewald error estimate:   0.3632E-05
 ------------------------------------------------------------------------------


 NSTEP =     6000   TIME(PS) =      32.000  TEMP(K) =   299.66  PRESS =  -176.6
 Etot   =    -24237.1815  EKtot   =     10385.6223  EPtot      =    -34622.8038
 BOND   =       584.9556  ANGLE   =      2879.7769  DIHED      =      1727.6667
 1-4 NB =       342.1765  1-4 EEL =     -7140.9106  VDWAALS    =      2253.2634
 EELEC  =    -35269.7322  EHBOND  =         0.0000  RESTRAINT  =         0.0000
 EKCMT  =      3330.3401  VIRIAL  =      5214.7873  VOLUME     =    494348.9466
                                                    Density    =         0.3139
 Ewald error estimate:   0.3588E-04
 ------------------------------------------------------------------------------


 NSTEP =     6250   TIME(PS) =      32.500  TEMP(K) =   298.59  PRESS =   -83.4
 Etot   =    -24354.8871  EKtot   =     10348.5341  EPtot      =    -34703.4212
 BOND   =       574.2433  ANGLE   =      2861.7589  DIHED      =      1707.0863
 1-4 NB =       339.9284  1-4 EEL =     -7127.2104  VDWAALS    =      2356.8117
 EELEC  =    -35416.0393  EHBOND  =         0.0000  RESTRAINT  =         0.0000
 EKCMT  =      3346.5586  VIRIAL  =      4235.2275  VOLUME     =    493736.0306
                                                    Density    =         0.3143
 Ewald error estimate:   0.5291E-04
 ------------------------------------------------------------------------------


 NSTEP =     6500   TIME(PS) =      33.000  TEMP(K) =   297.91  PRESS =  -175.2
 Etot   =    -24152.2076  EKtot   =     10324.9981  EPtot      =    -34477.2058
 BOND   =       631.3362  ANGLE   =      2858.0716  DIHED      =      1697.8471
 1-4 NB =       332.1436  1-4 EEL =     -7089.0240  VDWAALS    =      2216.3272
 EELEC  =    -35123.9075  EHBOND  =         0.0000  RESTRAINT  =         0.0000
 EKCMT  =      3259.3907  VIRIAL  =      5124.9426  VOLUME     =    493086.3061
                                                    Density    =         0.3147
 Ewald error estimate:   0.8612E-04
 ------------------------------------------------------------------------------


 NSTEP =     6750   TIME(PS) =      33.500  TEMP(K) =   299.54  PRESS =  -151.0
 Etot   =    -24257.1487  EKtot   =     10381.3367  EPtot      =    -34638.4853
 BOND   =       594.6912  ANGLE   =      2779.8992  DIHED      =      1690.7254
 1-4 NB =       338.3860  1-4 EEL =     -7096.5255  VDWAALS    =      2343.7636
 EELEC  =    -35289.4253  EHBOND  =         0.0000  RESTRAINT  =         0.0000
 EKCMT  =      3355.9874  VIRIAL  =      4961.0226  VOLUME     =    492406.3055
                                                    Density    =         0.3152
 Ewald error estimate:   0.3043E-04
 ------------------------------------------------------------------------------


 NSTEP =     7000   TIME(PS) =      34.000  TEMP(K) =   303.37  PRESS =  -184.5
 Etot   =    -24112.6731  EKtot   =     10513.9595  EPtot      =    -34626.6326
 BOND   =       618.5955  ANGLE   =      2819.6705  DIHED      =      1713.1582
 1-4 NB =       342.5522  1-4 EEL =     -7122.6287  VDWAALS    =      2278.1731
 EELEC  =    -35276.1533  EHBOND  =         0.0000  RESTRAINT  =         0.0000
 EKCMT  =      3362.9329  VIRIAL  =      5321.4793  VOLUME     =    491555.6638
                                                    Density    =         0.3157
 Ewald error estimate:   0.1016E-03
 ------------------------------------------------------------------------------


 NSTEP =     7250   TIME(PS) =      34.500  TEMP(K) =   300.57  PRESS =   -18.7
 Etot   =    -24079.4739  EKtot   =     10416.9870  EPtot      =    -34496.4609
 BOND   =       624.5652  ANGLE   =      2898.7524  DIHED      =      1726.2754
 1-4 NB =       343.4945  1-4 EEL =     -7113.6293  VDWAALS    =      2541.4659
 EELEC  =    -35517.3849  EHBOND  =         0.0000  RESTRAINT  =         0.0000
 EKCMT  =      3380.1738  VIRIAL  =      3578.7281  VOLUME     =    491000.5075
                                                    Density    =         0.3161
 Ewald error estimate:   0.1001E-04
 ------------------------------------------------------------------------------


 NSTEP =     7500   TIME(PS) =      35.000  TEMP(K) =   302.05  PRESS =   -36.8
 Etot   =    -24189.5967  EKtot   =     10468.4495  EPtot      =    -34658.0462
 BOND   =       616.1542  ANGLE   =      2803.7880  DIHED      =      1717.9991
 1-4 NB =       329.9684  1-4 EEL =     -7121.1544  VDWAALS    =      2447.0594
 EELEC  =    -35451.8609  EHBOND  =         0.0000  RESTRAINT  =         0.0000
 EKCMT  =      3358.6782  VIRIAL  =      3748.4188  VOLUME     =    490284.2298
                                                    Density    =         0.3165
 Ewald error estimate:   0.5841E-04
 ------------------------------------------------------------------------------


 NSTEP =     7750   TIME(PS) =      35.500  TEMP(K) =   301.08  PRESS =  -209.8
 Etot   =    -24261.6983  EKtot   =     10434.8229  EPtot      =    -34696.5211
 BOND   =       599.0464  ANGLE   =      2817.0667  DIHED      =      1687.8283
 1-4 NB =       338.7887  1-4 EEL =     -7111.5644  VDWAALS    =      2170.8275
 EELEC  =    -35198.5143  EHBOND  =         0.0000  RESTRAINT  =         0.0000
 EKCMT  =      3357.6868  VIRIAL  =      5575.1958  VOLUME     =    489546.4913
                                                    Density    =         0.3170
 Ewald error estimate:   0.3644E-04
 ------------------------------------------------------------------------------


 NSTEP =     8000   TIME(PS) =      36.000  TEMP(K) =   299.61  PRESS =   -63.3
 Etot   =    -24247.9950  EKtot   =     10383.6527  EPtot      =    -34631.6477
 BOND   =       611.7630  ANGLE   =      2857.5105  DIHED      =      1716.6471
 1-4 NB =       337.9170  1-4 EEL =     -7102.4996  VDWAALS    =      2452.9145
 EELEC  =    -35505.9002  EHBOND  =         0.0000  RESTRAINT  =         0.0000
 EKCMT  =      3283.5980  VIRIAL  =      3951.6898  VOLUME     =    488935.3126
                                                    Density    =         0.3174
 Ewald error estimate:   0.4886E-04
 ------------------------------------------------------------------------------


 NSTEP =     8250   TIME(PS) =      36.500  TEMP(K) =   300.01  PRESS =  -293.7
 Etot   =    -24184.9152  EKtot   =     10397.5269  EPtot      =    -34582.4421
 BOND   =       658.3624  ANGLE   =      2837.1992  DIHED      =      1742.5898
 1-4 NB =       344.0378  1-4 EEL =     -7121.9218  VDWAALS    =      2118.4738
 EELEC  =    -35161.1832  EHBOND  =         0.0000  RESTRAINT  =         0.0000
 EKCMT  =      3283.8104  VIRIAL  =      6379.8345  VOLUME     =    488182.0489
                                                    Density    =         0.3179
 Ewald error estimate:   0.1098E-03
 ------------------------------------------------------------------------------


 NSTEP =     8500   TIME(PS) =      37.000  TEMP(K) =   305.18  PRESS =  -100.4
 Etot   =    -24152.3817  EKtot   =     10576.8006  EPtot      =    -34729.1823
 BOND   =       576.8274  ANGLE   =      2870.8551  DIHED      =      1731.6692
 1-4 NB =       326.9942  1-4 EEL =     -7077.2896  VDWAALS    =      2462.0379
 EELEC  =    -35620.2766  EHBOND  =         0.0000  RESTRAINT  =         0.0000
 EKCMT  =      3398.0938  VIRIAL  =      4454.3054  VOLUME     =    487376.0544
                                                    Density    =         0.3184
 Ewald error estimate:   0.4862E-04
 ------------------------------------------------------------------------------


 NSTEP =     8750   TIME(PS) =      37.500  TEMP(K) =   300.60  PRESS =   -12.5
 Etot   =    -24147.1517  EKtot   =     10418.2150  EPtot      =    -34565.3666
 BOND   =       631.5779  ANGLE   =      2851.4906  DIHED      =      1684.8469
 1-4 NB =       346.0098  1-4 EEL =     -7129.3327  VDWAALS    =      2408.6640
 EELEC  =    -35358.6231  EHBOND  =         0.0000  RESTRAINT  =         0.0000
 EKCMT  =      3301.6039  VIRIAL  =      3432.6343  VOLUME     =    486908.1487
                                                    Density    =         0.3187
 Ewald error estimate:   0.1028E-03
 ------------------------------------------------------------------------------


 NSTEP =     9000   TIME(PS) =      38.000  TEMP(K) =   303.44  PRESS =  -166.7
 Etot   =    -24173.2407  EKtot   =     10516.5944  EPtot      =    -34689.8351
 BOND   =       587.7006  ANGLE   =      2884.9418  DIHED      =      1731.7082
 1-4 NB =       345.2852  1-4 EEL =     -7110.7060  VDWAALS    =      2279.6790
 EELEC  =    -35408.4439  EHBOND  =         0.0000  RESTRAINT  =         0.0000
 EKCMT  =      3361.5211  VIRIAL  =      5111.1213  VOLUME     =    486174.7504
                                                    Density    =         0.3192
 Ewald error estimate:   0.7430E-04
 ------------------------------------------------------------------------------


 NSTEP =     9250   TIME(PS) =      38.500  TEMP(K) =   301.72  PRESS =   -81.3
 Etot   =    -24267.8986  EKtot   =     10456.9499  EPtot      =    -34724.8485
 BOND   =       643.8312  ANGLE   =      2864.3855  DIHED      =      1679.5051
 1-4 NB =       330.0592  1-4 EEL =     -7096.2030  VDWAALS    =      2328.6754
 EELEC  =    -35475.1018  EHBOND  =         0.0000  RESTRAINT  =         0.0000
 EKCMT  =      3335.0531  VIRIAL  =      4187.7216  VOLUME     =    485464.9365
                                                    Density    =         0.3197
 Ewald error estimate:   0.1067E-03
 ------------------------------------------------------------------------------


 NSTEP =     9500   TIME(PS) =      39.000  TEMP(K) =   299.54  PRESS =  -241.8
 Etot   =    -24409.3582  EKtot   =     10381.2203  EPtot      =    -34790.5784
 BOND   =       602.3997  ANGLE   =      2876.0752  DIHED      =      1714.1473
 1-4 NB =       343.4270  1-4 EEL =     -7107.3505  VDWAALS    =      2078.6466
 EELEC  =    -35297.9239  EHBOND  =         0.0000  RESTRAINT  =         0.0000
 EKCMT  =      3350.7670  VIRIAL  =      5881.5716  VOLUME     =    484724.5069
                                                    Density    =         0.3202
 Ewald error estimate:   0.1396E-03
 ------------------------------------------------------------------------------


 NSTEP =     9750   TIME(PS) =      39.500  TEMP(K) =   301.82  PRESS =  -183.8
 Etot   =    -24300.6298  EKtot   =     10460.4928  EPtot      =    -34761.1226
 BOND   =       581.9979  ANGLE   =      2917.9056  DIHED      =      1713.0396
 1-4 NB =       338.0284  1-4 EEL =     -7113.9618  VDWAALS    =      2251.1291
 EELEC  =    -35449.2614  EHBOND  =         0.0000  RESTRAINT  =         0.0000
 EKCMT  =      3314.8815  VIRIAL  =      5235.8756  VOLUME     =    484074.9062
                                                    Density    =         0.3206
 Ewald error estimate:   0.1479E-03
 ------------------------------------------------------------------------------


 NSTEP =    10000   TIME(PS) =      40.000  TEMP(K) =   297.83  PRESS =  -145.1
 Etot   =    -24503.7945  EKtot   =     10321.9365  EPtot      =    -34825.7310
 BOND   =       596.3768  ANGLE   =      2808.2261  DIHED      =      1718.0461
 1-4 NB =       338.7950  1-4 EEL =     -7140.2527  VDWAALS    =      2252.9505
 EELEC  =    -35399.8727  EHBOND  =         0.0000  RESTRAINT  =         0.0000
 EKCMT  =      3367.2660  VIRIAL  =      4880.8304  VOLUME     =    483271.6455
                                                    Density    =         0.3211
 Ewald error estimate:   0.1147E-04
 ------------------------------------------------------------------------------


 NSTEP =    10250   TIME(PS) =      40.500  TEMP(K) =   299.01  PRESS =  -171.5
 Etot   =    -24450.2875  EKtot   =     10363.0047  EPtot      =    -34813.2922
 BOND   =       590.6810  ANGLE   =      2854.4942  DIHED      =      1721.0727
 1-4 NB =       342.4240  1-4 EEL =     -7127.8629  VDWAALS    =      2202.6213
 EELEC  =    -35396.7224  EHBOND  =         0.0000  RESTRAINT  =         0.0000
 EKCMT  =      3360.0075  VIRIAL  =      5147.2574  VOLUME     =    482530.8188
                                                    Density    =         0.3216
 Ewald error estimate:   0.1729E-03
 ------------------------------------------------------------------------------


 NSTEP =    10500   TIME(PS) =      41.000  TEMP(K) =   300.37  PRESS =    25.9
 Etot   =    -24379.8736  EKtot   =     10410.2366  EPtot      =    -34790.1102
 BOND   =       579.7101  ANGLE   =      2806.3945  DIHED      =      1710.9511
 1-4 NB =       341.3782  1-4 EEL =     -7121.6106  VDWAALS    =      2410.6547
 EELEC  =    -35517.5883  EHBOND  =         0.0000  RESTRAINT  =         0.0000
 EKCMT  =      3401.9828  VIRIAL  =      3132.6840  VOLUME     =    482032.6353
                                                    Density    =         0.3219
 Ewald error estimate:   0.5184E-04
 ------------------------------------------------------------------------------


 NSTEP =    10750   TIME(PS) =      41.500  TEMP(K) =   302.23  PRESS =   -87.8
 Etot   =    -24253.1529  EKtot   =     10474.5295  EPtot      =    -34727.6824
 BOND   =       589.9923  ANGLE   =      2889.3444  DIHED      =      1716.8683
 1-4 NB =       344.2407  1-4 EEL =     -7147.7023  VDWAALS    =      2241.8831
 EELEC  =    -35362.3089  EHBOND  =         0.0000  RESTRAINT  =         0.0000
 EKCMT  =      3350.5617  VIRIAL  =      4262.7878  VOLUME     =    481399.7412
                                                    Density    =         0.3224
 Ewald error estimate:   0.4820E-04
 ------------------------------------------------------------------------------


 NSTEP =    11000   TIME(PS) =      42.000  TEMP(K) =   300.11  PRESS =   -53.2
 Etot   =    -24301.0496  EKtot   =     10401.0010  EPtot      =    -34702.0506
 BOND   =       626.4729  ANGLE   =      2827.7658  DIHED      =      1729.2786
 1-4 NB =       346.6412  1-4 EEL =     -7138.8131  VDWAALS    =      2318.2945
 EELEC  =    -35411.6905  EHBOND  =         0.0000  RESTRAINT  =         0.0000
 EKCMT  =      3344.8875  VIRIAL  =      3897.1743  VOLUME     =    481095.4562
                                                    Density    =         0.3226
 Ewald error estimate:   0.1635E-03
 ------------------------------------------------------------------------------


 NSTEP =    11250   TIME(PS) =      42.500  TEMP(K) =   300.28  PRESS =  -133.4
 Etot   =    -24494.7383  EKtot   =     10406.8854  EPtot      =    -34901.6236
 BOND   =       578.1126  ANGLE   =      2858.7061  DIHED      =      1701.2508
 1-4 NB =       337.6836  1-4 EEL =     -7116.0590  VDWAALS    =      2306.2086
 EELEC  =    -35567.5263  EHBOND  =         0.0000  RESTRAINT  =         0.0000
 EKCMT  =      3330.9619  VIRIAL  =      4715.5620  VOLUME     =    480602.5270
                                                    Density    =         0.3229
 Ewald error estimate:   0.5573E-04
 ------------------------------------------------------------------------------


 NSTEP =    11500   TIME(PS) =      43.000  TEMP(K) =   298.71  PRESS =   -81.0
 Etot   =    -24430.7040  EKtot   =     10352.4243  EPtot      =    -34783.1283
 BOND   =       597.3535  ANGLE   =      2907.2485  DIHED      =      1713.6162
 1-4 NB =       347.8860  1-4 EEL =     -7087.9296  VDWAALS    =      2300.4099
 EELEC  =    -35561.7128  EHBOND  =         0.0000  RESTRAINT  =         0.0000
 EKCMT  =      3365.1232  VIRIAL  =      4204.4774  VOLUME     =    480084.5893
                                                    Density    =         0.3233
 Ewald error estimate:   0.4135E-04
 ------------------------------------------------------------------------------


 NSTEP =    11750   TIME(PS) =      43.500  TEMP(K) =   297.49  PRESS =  -128.5
 Etot   =    -24473.8663  EKtot   =     10310.2202  EPtot      =    -34784.0865
 BOND   =       632.7159  ANGLE   =      2858.9049  DIHED      =      1747.1645
 1-4 NB =       343.6503  1-4 EEL =     -7111.8931  VDWAALS    =      2198.8864
 EELEC  =    -35453.5154  EHBOND  =         0.0000  RESTRAINT  =         0.0000
 EKCMT  =      3278.9674  VIRIAL  =      4609.8228  VOLUME     =    479547.3651
                                                    Density    =         0.3236
 Ewald error estimate:   0.6601E-04
 ------------------------------------------------------------------------------


 NSTEP =    12000   TIME(PS) =      44.000  TEMP(K) =   298.30  PRESS =  -123.6
 Etot   =    -24772.5145  EKtot   =     10338.4523  EPtot      =    -35110.9668
 BOND   =       631.8555  ANGLE   =      2887.1525  DIHED      =      1738.8717
 1-4 NB =       338.2288  1-4 EEL =     -7137.1927  VDWAALS    =      2281.2568
 EELEC  =    -35851.1395  EHBOND  =         0.0000  RESTRAINT  =         0.0000
 EKCMT  =      3374.6474  VIRIAL  =      4653.6375  VOLUME     =    479148.8496
                                                    Density    =         0.3239
 Ewald error estimate:   0.9684E-06
 ------------------------------------------------------------------------------


 NSTEP =    12250   TIME(PS) =      44.500  TEMP(K) =   300.06  PRESS =  -164.5
 Etot   =    -24820.8117  EKtot   =     10399.4210  EPtot      =    -35220.2327
 BOND   =       595.5598  ANGLE   =      2872.0187  DIHED      =      1713.7046
 1-4 NB =       335.9772  1-4 EEL =     -7157.4947  VDWAALS    =      2273.6112
 EELEC  =    -35853.6096  EHBOND  =         0.0000  RESTRAINT  =         0.0000
 EKCMT  =      3307.0592  VIRIAL  =      5006.7433  VOLUME     =    478582.8061
                                                    Density    =         0.3243
 Ewald error estimate:   0.1851E-03
 ------------------------------------------------------------------------------


 NSTEP =    12500   TIME(PS) =      45.000  TEMP(K) =   297.89  PRESS =   -55.7
 Etot   =    -24877.2361  EKtot   =     10324.3296  EPtot      =    -35201.5657
 BOND   =       621.9559  ANGLE   =      2826.2311  DIHED      =      1721.0490
 1-4 NB =       337.5387  1-4 EEL =     -7141.8651  VDWAALS    =      2474.3606
 EELEC  =    -36040.8361  EHBOND  =         0.0000  RESTRAINT  =         0.0000
 EKCMT  =      3272.4138  VIRIAL  =      3847.6605  VOLUME     =    478119.7673
                                                    Density    =         0.3246
 Ewald error estimate:   0.8674E-05
 ------------------------------------------------------------------------------


 NSTEP =    12750   TIME(PS) =      45.500  TEMP(K) =   301.90  PRESS =   -74.3
 Etot   =    -24759.8104  EKtot   =     10463.2333  EPtot      =    -35223.0436
 BOND   =       612.3747  ANGLE   =      2858.0908  DIHED      =      1711.8640
 1-4 NB =       321.9663  1-4 EEL =     -7106.7941  VDWAALS    =      2394.7776
 EELEC  =    -36015.3229  EHBOND  =         0.0000  RESTRAINT  =         0.0000
 EKCMT  =      3320.3953  VIRIAL  =      4086.8271  VOLUME     =    477539.6330
                                                    Density    =         0.3250
 Ewald error estimate:   0.1449E-03
 ------------------------------------------------------------------------------


 NSTEP =    13000   TIME(PS) =      46.000  TEMP(K) =   296.89  PRESS =  -123.5
 Etot   =    -24969.6550  EKtot   =     10289.5407  EPtot      =    -35259.1957
 BOND   =       600.6395  ANGLE   =      2847.8019  DIHED      =      1712.7390
 1-4 NB =       346.9565  1-4 EEL =     -7137.8457  VDWAALS    =      2292.6514
 EELEC  =    -35922.1383  EHBOND  =         0.0000  RESTRAINT  =         0.0000
 EKCMT  =      3233.3140  VIRIAL  =      4505.6998  VOLUME     =    477039.8465
                                                    Density    =         0.3253
 Ewald error estimate:   0.3378E-04
 ------------------------------------------------------------------------------


 NSTEP =    13250   TIME(PS) =      46.500  TEMP(K) =   297.61  PRESS =  -117.1
 Etot   =    -24893.8085  EKtot   =     10314.6126  EPtot      =    -35208.4210
 BOND   =       605.4984  ANGLE   =      2904.5237  DIHED      =      1721.4540
 1-4 NB =       339.7964  1-4 EEL =     -7149.5736  VDWAALS    =      2357.7793
 EELEC  =    -35987.8993  EHBOND  =         0.0000  RESTRAINT  =         0.0000
 EKCMT  =      3226.6510  VIRIAL  =      4431.2565  VOLUME     =    476443.6183
                                                    Density    =         0.3257
 Ewald error estimate:   0.9301E-04
 ------------------------------------------------------------------------------


 NSTEP =    13500   TIME(PS) =      47.000  TEMP(K) =   298.98  PRESS =  -211.4
 Etot   =    -24838.7466  EKtot   =     10362.0236  EPtot      =    -35200.7702
 BOND   =       607.5503  ANGLE   =      2879.8931  DIHED      =      1707.2324
 1-4 NB =       343.1288  1-4 EEL =     -7156.0117  VDWAALS    =      2136.7040
 EELEC  =    -35719.2671  EHBOND  =         0.0000  RESTRAINT  =         0.0000
 EKCMT  =      3295.6954  VIRIAL  =      5467.9171  VOLUME     =    475900.7144
                                                    Density    =         0.3261
 Ewald error estimate:   0.9955E-04
 ------------------------------------------------------------------------------


 NSTEP =    13750   TIME(PS) =      47.500  TEMP(K) =   295.89  PRESS =   -75.9
 Etot   =    -24814.5045  EKtot   =     10254.8538  EPtot      =    -35069.3584
 BOND   =       625.9054  ANGLE   =      2978.7491  DIHED      =      1718.8247
 1-4 NB =       338.0742  1-4 EEL =     -7133.3186  VDWAALS    =      2417.0632
 EELEC  =    -36014.6564  EHBOND  =         0.0000  RESTRAINT  =         0.0000
 EKCMT  =      3214.4165  VIRIAL  =      3993.5701  VOLUME     =    475338.3477
                                                    Density    =         0.3265
 Ewald error estimate:   0.1016E-03
 ------------------------------------------------------------------------------


 NSTEP =    14000   TIME(PS) =      48.000  TEMP(K) =   300.64  PRESS =  -146.4
 Etot   =    -24760.3488  EKtot   =     10419.3330  EPtot      =    -35179.6818
 BOND   =       631.2173  ANGLE   =      2952.0724  DIHED      =      1692.2177
 1-4 NB =       339.4735  1-4 EEL =     -7110.0072  VDWAALS    =      2277.6648
 EELEC  =    -35962.3204  EHBOND  =         0.0000  RESTRAINT  =         0.0000
 EKCMT  =      3293.2691  VIRIAL  =      4794.4004  VOLUME     =    474747.3365
                                                    Density    =         0.3269
 Ewald error estimate:   0.1205E-04
 ------------------------------------------------------------------------------


 NSTEP =    14250   TIME(PS) =      48.500  TEMP(K) =   301.44  PRESS =  -106.1
 Etot   =    -24644.9565  EKtot   =     10447.1827  EPtot      =    -35092.1392
 BOND   =       604.0981  ANGLE   =      2921.2625  DIHED      =      1705.4994
 1-4 NB =       339.5671  1-4 EEL =     -7115.1883  VDWAALS    =      2188.7336
 EELEC  =    -35736.1115  EHBOND  =         0.0000  RESTRAINT  =         0.0000
 EKCMT  =      3326.5369  VIRIAL  =      4412.5302  VOLUME     =    474226.0290
                                                    Density    =         0.3272
 Ewald error estimate:   0.1911E-03
 ------------------------------------------------------------------------------


 NSTEP =    14500   TIME(PS) =      49.000  TEMP(K) =   301.59  PRESS =   -81.0
 Etot   =    -24866.1968  EKtot   =     10452.3551  EPtot      =    -35318.5519
 BOND   =       603.3369  ANGLE   =      2863.4239  DIHED      =      1689.1008
 1-4 NB =       331.0410  1-4 EEL =     -7118.7721  VDWAALS    =      2340.2557
 EELEC  =    -36026.9381  EHBOND  =         0.0000  RESTRAINT  =         0.0000
 EKCMT  =      3400.4932  VIRIAL  =      4228.8029  VOLUME     =    473658.4665
                                                    Density    =         0.3276
 Ewald error estimate:   0.7649E-04
 ------------------------------------------------------------------------------


 NSTEP =    14750   TIME(PS) =      49.500  TEMP(K) =   300.81  PRESS =   -84.5
 Etot   =    -24778.5931  EKtot   =     10425.2575  EPtot      =    -35203.8506
 BOND   =       601.2335  ANGLE   =      2889.6548  DIHED      =      1685.8504
 1-4 NB =       334.8387  1-4 EEL =     -7099.2997  VDWAALS    =      2155.0719
 EELEC  =    -35771.2002  EHBOND  =         0.0000  RESTRAINT  =         0.0000
 EKCMT  =      3341.2018  VIRIAL  =      4204.7919  VOLUME     =    473091.8590
                                                    Density    =         0.3280
 Ewald error estimate:   0.5260E-05
 ------------------------------------------------------------------------------


 NSTEP =    15000   TIME(PS) =      50.000  TEMP(K) =   300.78  PRESS =  -123.6
 Etot   =    -24782.3436  EKtot   =     10424.3012  EPtot      =    -35206.6448
 BOND   =       592.5395  ANGLE   =      2909.3857  DIHED      =      1702.6967
 1-4 NB =       328.0432  1-4 EEL =     -7110.2832  VDWAALS    =      2249.6644
 EELEC  =    -35878.6912  EHBOND  =         0.0000  RESTRAINT  =         0.0000
 EKCMT  =      3325.1108  VIRIAL  =      4586.1280  VOLUME     =    472412.6623
                                                    Density    =         0.3285
 Ewald error estimate:   0.7195E-04
 ------------------------------------------------------------------------------


 NSTEP =    15250   TIME(PS) =      50.500  TEMP(K) =   299.15  PRESS =   -91.2
 Etot   =    -24930.9067  EKtot   =     10367.7182  EPtot      =    -35298.6249
 BOND   =       621.3887  ANGLE   =      2884.0355  DIHED      =      1704.1921
 1-4 NB =       333.9533  1-4 EEL =     -7118.8395  VDWAALS    =      2301.9988
 EELEC  =    -36025.3537  EHBOND  =         0.0000  RESTRAINT  =         0.0000
 EKCMT  =      3337.4275  VIRIAL  =      4267.0078  VOLUME     =    472108.4063
                                                    Density    =         0.3287
 Ewald error estimate:   0.3918E-04
 ------------------------------------------------------------------------------


 NSTEP =    15500   TIME(PS) =      51.000  TEMP(K) =   300.97  PRESS =  -111.2
 Etot   =    -24931.8436  EKtot   =     10430.7937  EPtot      =    -35362.6373
 BOND   =       615.7747  ANGLE   =      2803.4966  DIHED      =      1677.2509
 1-4 NB =       332.1735  1-4 EEL =     -7106.6144  VDWAALS    =      2171.6649
 EELEC  =    -35856.3836  EHBOND  =         0.0000  RESTRAINT  =         0.0000
 EKCMT  =      3295.1968  VIRIAL  =      4427.5757  VOLUME     =    471562.6680
                                                    Density    =         0.3291
 Ewald error estimate:   0.8682E-04
 ------------------------------------------------------------------------------


 NSTEP =    15750   TIME(PS) =      51.500  TEMP(K) =   301.00  PRESS =   -27.7
 Etot   =    -24846.3728  EKtot   =     10431.8193  EPtot      =    -35278.1921
 BOND   =       610.8658  ANGLE   =      2896.7436  DIHED      =      1697.5164
 1-4 NB =       335.2539  1-4 EEL =     -7103.5298  VDWAALS    =      2262.7070
 EELEC  =    -35977.7490  EHBOND  =         0.0000  RESTRAINT  =         0.0000
 EKCMT  =      3338.1620  VIRIAL  =      3620.2438  VOLUME     =    471291.8937
                                                    Density    =         0.3293
 Ewald error estimate:   0.6805E-04
 ------------------------------------------------------------------------------


 NSTEP =    16000   TIME(PS) =      52.000  TEMP(K) =   298.72  PRESS =   -37.0
 Etot   =    -24851.0026  EKtot   =     10352.7681  EPtot      =    -35203.7707
 BOND   =       614.7033  ANGLE   =      2870.8990  DIHED      =      1722.3395
 1-4 NB =       334.0270  1-4 EEL =     -7070.3869  VDWAALS    =      2412.8308
 EELEC  =    -36088.1835  EHBOND  =         0.0000  RESTRAINT  =         0.0000
 EKCMT  =      3245.7768  VIRIAL  =      3622.3070  VOLUME     =    470777.6514
                                                    Density    =         0.3296
 Ewald error estimate:   0.2370E-04
 ------------------------------------------------------------------------------


 NSTEP =    16250   TIME(PS) =      52.500  TEMP(K) =   298.76  PRESS =  -124.3
 Etot   =    -24945.3846  EKtot   =     10354.2081  EPtot      =    -35299.5927
 BOND   =       595.0526  ANGLE   =      2860.0456  DIHED      =      1703.4317
 1-4 NB =       340.5539  1-4 EEL =     -7085.6573  VDWAALS    =      2133.1613
 EELEC  =    -35846.1805  EHBOND  =         0.0000  RESTRAINT  =         0.0000
 EKCMT  =      3219.6156  VIRIAL  =      4481.6508  VOLUME     =    470137.1620
                                                    Density    =         0.3301
 Ewald error estimate:   0.2692E-03
 ------------------------------------------------------------------------------


 NSTEP =    16500   TIME(PS) =      53.000  TEMP(K) =   298.70  PRESS =  -124.9
 Etot   =    -24980.7860  EKtot   =     10352.2026  EPtot      =    -35332.9886
 BOND   =       593.6209  ANGLE   =      2926.9020  DIHED      =      1689.1601
 1-4 NB =       328.9654  1-4 EEL =     -7088.2364  VDWAALS    =      2273.9314
 EELEC  =    -36057.3319  EHBOND  =         0.0000  RESTRAINT  =         0.0000
 EKCMT  =      3267.2035  VIRIAL  =      4534.2146  VOLUME     =    469702.5347
                                                    Density    =         0.3304
 Ewald error estimate:   0.1152E-03
 ------------------------------------------------------------------------------


 NSTEP =    16750   TIME(PS) =      53.500  TEMP(K) =   298.70  PRESS =  -118.4
 Etot   =    -25037.3892  EKtot   =     10352.1939  EPtot      =    -35389.5831
 BOND   =       602.8410  ANGLE   =      2836.5954  DIHED      =      1704.9294
 1-4 NB =       335.1591  1-4 EEL =     -7099.9528  VDWAALS    =      2180.5368
 EELEC  =    -35949.6919  EHBOND  =         0.0000  RESTRAINT  =         0.0000
 EKCMT  =      3235.1898  VIRIAL  =      4434.3446  VOLUME     =    469266.7159
                                                    Density    =         0.3307
 Ewald error estimate:   0.4064E-04
 ------------------------------------------------------------------------------


 NSTEP =    17000   TIME(PS) =      54.000  TEMP(K) =   299.08  PRESS =  -111.7
 Etot   =    -24996.9928  EKtot   =     10365.3448  EPtot      =    -35362.3376
 BOND   =       642.1394  ANGLE   =      2888.5802  DIHED      =      1684.8041
 1-4 NB =       329.8733  1-4 EEL =     -7069.2418  VDWAALS    =      2246.0260
 EELEC  =    -36084.5188  EHBOND  =         0.0000  RESTRAINT  =         0.0000
 EKCMT  =      3272.5732  VIRIAL  =      4403.1236  VOLUME     =    468875.1095
                                                    Density    =         0.3310
 Ewald error estimate:   0.6885E-04
 ------------------------------------------------------------------------------


 NSTEP =    17250   TIME(PS) =      54.500  TEMP(K) =   302.51  PRESS =  -149.6
 Etot   =    -25084.3164  EKtot   =     10484.3349  EPtot      =    -35568.6513
 BOND   =       606.8726  ANGLE   =      2859.4721  DIHED      =      1729.8603
 1-4 NB =       345.9712  1-4 EEL =     -7097.9380  VDWAALS    =      2227.9935
 EELEC  =    -36240.8828  EHBOND  =         0.0000  RESTRAINT  =         0.0000
 EKCMT  =      3312.4469  VIRIAL  =      4824.7652  VOLUME     =    468126.2944
                                                    Density    =         0.3315
 Ewald error estimate:   0.1261E-03
 ------------------------------------------------------------------------------


 NSTEP =    17500   TIME(PS) =      55.000  TEMP(K) =   296.99  PRESS =  -110.9
 Etot   =    -25035.3958  EKtot   =     10292.8000  EPtot      =    -35328.1958
 BOND   =       615.3229  ANGLE   =      2845.3739  DIHED      =      1691.7022
 1-4 NB =       339.1967  1-4 EEL =     -7063.5574  VDWAALS    =      2257.0183
 EELEC  =    -36013.2523  EHBOND  =         0.0000  RESTRAINT  =         0.0000
 EKCMT  =      3255.6980  VIRIAL  =      4375.9928  VOLUME     =    467774.2506
                                                    Density    =         0.3318
 Ewald error estimate:   0.2056E-04
 ------------------------------------------------------------------------------


 NSTEP =    17750   TIME(PS) =      55.500  TEMP(K) =   297.49  PRESS =   -95.7
 Etot   =    -25028.2343  EKtot   =     10310.1590  EPtot      =    -35338.3932
 BOND   =       638.6030  ANGLE   =      2905.9711  DIHED      =      1729.3329
 1-4 NB =       331.4039  1-4 EEL =     -7096.6887  VDWAALS    =      2102.3296
 EELEC  =    -35949.3450  EHBOND  =         0.0000  RESTRAINT  =         0.0000
 EKCMT  =      3279.8206  VIRIAL  =      4245.4882  VOLUME     =    467237.3154
                                                    Density    =         0.3321
 Ewald error estimate:   0.7910E-04
 ------------------------------------------------------------------------------


 NSTEP =    18000   TIME(PS) =      56.000  TEMP(K) =   296.99  PRESS =   -83.3
 Etot   =    -25063.3774  EKtot   =     10292.9170  EPtot      =    -35356.2944
 BOND   =       607.6647  ANGLE   =      2837.7971  DIHED      =      1705.2785
 1-4 NB =       343.4501  1-4 EEL =     -7133.6922  VDWAALS    =      2163.5879
 EELEC  =    -35880.3805  EHBOND  =         0.0000  RESTRAINT  =         0.0000
 EKCMT  =      3290.8590  VIRIAL  =      4130.7337  VOLUME     =    466793.1892
                                                    Density    =         0.3325
 Ewald error estimate:   0.1453E-03
 ------------------------------------------------------------------------------


 NSTEP =    18250   TIME(PS) =      56.500  TEMP(K) =   297.25  PRESS =  -112.0
 Etot   =    -25106.8492  EKtot   =     10301.9494  EPtot      =    -35408.7986
 BOND   =       597.8050  ANGLE   =      2882.7124  DIHED      =      1694.9774
 1-4 NB =       343.4891  1-4 EEL =     -7112.3004  VDWAALS    =      2204.9496
 EELEC  =    -36020.4317  EHBOND  =         0.0000  RESTRAINT  =         0.0000
 EKCMT  =      3322.7938  VIRIAL  =      4450.4905  VOLUME     =    466351.4663
                                                    Density    =         0.3328
 Ewald error estimate:   0.3062E-04
 ------------------------------------------------------------------------------


 NSTEP =    18500   TIME(PS) =      57.000  TEMP(K) =   298.72  PRESS =  -112.2
 Etot   =    -25053.8568  EKtot   =     10353.0143  EPtot      =    -35406.8711
 BOND   =       615.5443  ANGLE   =      2806.3732  DIHED      =      1727.2947
 1-4 NB =       329.5767  1-4 EEL =     -7114.0870  VDWAALS    =      2192.8066
 EELEC  =    -35964.3797  EHBOND  =         0.0000  RESTRAINT  =         0.0000
 EKCMT  =      3316.2063  VIRIAL  =      4444.0009  VOLUME     =    465747.6584
                                                    Density    =         0.3332
 Ewald error estimate:   0.1549E-03
 ------------------------------------------------------------------------------


 NSTEP =    18750   TIME(PS) =      57.500  TEMP(K) =   300.70  PRESS =   -65.5
 Etot   =    -24987.7644  EKtot   =     10421.5932  EPtot      =    -35409.3576
 BOND   =       623.5875  ANGLE   =      2866.9689  DIHED      =      1714.4244
 1-4 NB =       343.7986  1-4 EEL =     -7128.4018  VDWAALS    =      2313.3901
 EELEC  =    -36143.1251  EHBOND  =         0.0000  RESTRAINT  =         0.0000
 EKCMT  =      3323.8961  VIRIAL  =      3982.4220  VOLUME     =    465415.8612
                                                    Density    =         0.3334
 Ewald error estimate:   0.5735E-04
 ------------------------------------------------------------------------------


 NSTEP =    19000   TIME(PS) =      58.000  TEMP(K) =   299.57  PRESS =   -61.2
 Etot   =    -24800.7196  EKtot   =     10382.2432  EPtot      =    -35182.9628
 BOND   =       643.7298  ANGLE   =      2941.5879  DIHED      =      1703.3458
 1-4 NB =       349.4980  1-4 EEL =     -7097.8007  VDWAALS    =      2285.6513
 EELEC  =    -36008.9749  EHBOND  =         0.0000  RESTRAINT  =         0.0000
 EKCMT  =      3294.9207  VIRIAL  =      3909.0711  VOLUME     =    464994.4999
                                                    Density    =         0.3337
 Ewald error estimate:   0.8114E-04
 ------------------------------------------------------------------------------


 NSTEP =    19250   TIME(PS) =      58.500  TEMP(K) =   302.23  PRESS =  -136.2
 Etot   =    -24751.1328  EKtot   =     10474.5402  EPtot      =    -35225.6730
 BOND   =       587.4981  ANGLE   =      2846.3436  DIHED      =      1704.6865
 1-4 NB =       333.6400  1-4 EEL =     -7099.8866  VDWAALS    =      2119.5103
 EELEC  =    -35717.4650  EHBOND  =         0.0000  RESTRAINT  =         0.0000
 EKCMT  =      3350.9192  VIRIAL  =      4717.1744  VOLUME     =    464737.1685
                                                    Density    =         0.3339
 Ewald error estimate:   0.1074E-03
 ------------------------------------------------------------------------------


 NSTEP =    19500   TIME(PS) =      59.000  TEMP(K) =   301.21  PRESS =   -40.9
 Etot   =    -24721.6512  EKtot   =     10439.3439  EPtot      =    -35160.9951
 BOND   =       592.8009  ANGLE   =      2853.2650  DIHED      =      1712.6543
 1-4 NB =       341.2432  1-4 EEL =     -7107.2884  VDWAALS    =      2178.9053
 EELEC  =    -35732.5754  EHBOND  =         0.0000  RESTRAINT  =         0.0000
 EKCMT  =      3383.9810  VIRIAL  =      3793.6763  VOLUME     =    464131.6607
                                                    Density    =         0.3344
 Ewald error estimate:   0.6563E-05
 ------------------------------------------------------------------------------


 NSTEP =    19750   TIME(PS) =      59.500  TEMP(K) =   300.30  PRESS =   -48.8
 Etot   =    -24907.8970  EKtot   =     10407.7598  EPtot      =    -35315.6568
 BOND   =       565.8680  ANGLE   =      2796.1494  DIHED      =      1705.2743
 1-4 NB =       331.9137  1-4 EEL =     -7059.5803  VDWAALS    =      2293.8312
 EELEC  =    -35949.1132  EHBOND  =         0.0000  RESTRAINT  =         0.0000
 EKCMT  =      3341.5720  VIRIAL  =      3829.8383  VOLUME     =    463705.7297
                                                    Density    =         0.3347
 Ewald error estimate:   0.1120E-03
 ------------------------------------------------------------------------------


 NSTEP =    20000   TIME(PS) =      60.000  TEMP(K) =   303.35  PRESS =   -46.6
 Etot   =    -24864.9819  EKtot   =     10513.2780  EPtot      =    -35378.2599
 BOND   =       598.4197  ANGLE   =      2856.8338  DIHED      =      1719.1909
 1-4 NB =       336.2097  1-4 EEL =     -7110.7235  VDWAALS    =      2303.2696
 EELEC  =    -36081.4602  EHBOND  =         0.0000  RESTRAINT  =         0.0000
 EKCMT  =      3318.9718  VIRIAL  =      3785.2970  VOLUME     =    463385.1548
                                                    Density    =         0.3349
 Ewald error estimate:   0.1401E-03
 ------------------------------------------------------------------------------


 NSTEP =    20250   TIME(PS) =      60.500  TEMP(K) =   296.78  PRESS =  -126.2
 Etot   =    -24950.2932  EKtot   =     10285.8605  EPtot      =    -35236.1537
 BOND   =       580.7623  ANGLE   =      2873.3880  DIHED      =      1695.4215
 1-4 NB =       343.6346  1-4 EEL =     -7085.7145  VDWAALS    =      2145.1197
 EELEC  =    -35788.7654  EHBOND  =         0.0000  RESTRAINT  =         0.0000
 EKCMT  =      3327.5630  VIRIAL  =      4588.4887  VOLUME     =    462864.9391
                                                    Density    =         0.3353
 Ewald error estimate:   0.1988E-05
 ------------------------------------------------------------------------------


 NSTEP =    20500   TIME(PS) =      61.000  TEMP(K) =   298.52  PRESS =  -166.7
 Etot   =    -24896.2278  EKtot   =     10345.9097  EPtot      =    -35242.1375
 BOND   =       566.5692  ANGLE   =      2945.9944  DIHED      =      1684.7107
 1-4 NB =       338.9867  1-4 EEL =     -7105.2393  VDWAALS    =      2083.9583
 EELEC  =    -35757.1175  EHBOND  =         0.0000  RESTRAINT  =         0.0000
 EKCMT  =      3329.6093  VIRIAL  =      4994.3077  VOLUME     =    462467.6541
                                                    Density    =         0.3356
 Ewald error estimate:   0.1306E-03
 ------------------------------------------------------------------------------


 NSTEP =    20750   TIME(PS) =      61.500  TEMP(K) =   299.29  PRESS =   -40.8
 Etot   =    -25028.7845  EKtot   =     10372.6809  EPtot      =    -35401.4654
 BOND   =       632.2989  ANGLE   =      2794.6658  DIHED      =      1691.5848
 1-4 NB =       344.9719  1-4 EEL =     -7104.1623  VDWAALS    =      2311.9906
 EELEC  =    -36072.8150  EHBOND  =         0.0000  RESTRAINT  =         0.0000
 EKCMT  =      3272.9957  VIRIAL  =      3679.6444  VOLUME     =    461879.6294
                                                    Density    =         0.3360
 Ewald error estimate:   0.7258E-05
 ------------------------------------------------------------------------------


 NSTEP =    21000   TIME(PS) =      62.000  TEMP(K) =   300.84  PRESS =  -131.6
 Etot   =    -24971.5938  EKtot   =     10426.4601  EPtot      =    -35398.0539
 BOND   =       579.5124  ANGLE   =      2820.0504  DIHED      =      1689.1468
 1-4 NB =       345.6429  1-4 EEL =     -7124.4276  VDWAALS    =      2215.8248
 EELEC  =    -35923.8036  EHBOND  =         0.0000  RESTRAINT  =         0.0000
 EKCMT  =      3352.8523  VIRIAL  =      4664.8578  VOLUME     =    461727.1722
                                                    Density    =         0.3361
 Ewald error estimate:   0.4520E-04
 ------------------------------------------------------------------------------


 NSTEP =    21250   TIME(PS) =      62.500  TEMP(K) =   294.76  PRESS =   -20.1
 Etot   =    -25107.0353  EKtot   =     10215.6527  EPtot      =    -35322.6880
 BOND   =       631.3971  ANGLE   =      2837.1577  DIHED      =      1694.9751
 1-4 NB =       332.3501  1-4 EEL =     -7087.9952  VDWAALS    =      2351.2900
 EELEC  =    -36081.8628  EHBOND  =         0.0000  RESTRAINT  =         0.0000
 EKCMT  =      3325.8227  VIRIAL  =      3526.3999  VOLUME     =    461325.5680
                                                    Density    =         0.3364
 Ewald error estimate:   0.7547E-04
 ------------------------------------------------------------------------------


 NSTEP =    21500   TIME(PS) =      63.000  TEMP(K) =   297.45  PRESS =   -33.9
 Etot   =    -25083.2837  EKtot   =     10308.7446  EPtot      =    -35392.0283
 BOND   =       578.4096  ANGLE   =      2835.1058  DIHED      =      1710.0183
 1-4 NB =       346.3937  1-4 EEL =     -7119.2548  VDWAALS    =      2303.9561
 EELEC  =    -36046.6569  EHBOND  =         0.0000  RESTRAINT  =         0.0000
 EKCMT  =      3320.7868  VIRIAL  =      3658.0448  VOLUME     =    460756.7282
                                                    Density    =         0.3368
 Ewald error estimate:   0.1541E-03
 ------------------------------------------------------------------------------


 NSTEP =    21750   TIME(PS) =      63.500  TEMP(K) =   297.97  PRESS =   -76.5
 Etot   =    -25070.4947  EKtot   =     10327.1024  EPtot      =    -35397.5971
 BOND   =       619.2065  ANGLE   =      2889.0172  DIHED      =      1694.1266
 1-4 NB =       332.8297  1-4 EEL =     -7136.1792  VDWAALS    =      2258.1929
 EELEC  =    -36054.7907  EHBOND  =         0.0000  RESTRAINT  =         0.0000
 EKCMT  =      3321.6508  VIRIAL  =      4081.8615  VOLUME     =    460197.2454
                                                    Density    =         0.3372
 Ewald error estimate:   0.1095E-03
 ------------------------------------------------------------------------------


 NSTEP =    22000   TIME(PS) =      64.000  TEMP(K) =   300.22  PRESS =   -95.5
 Etot   =    -25151.2952  EKtot   =     10404.7966  EPtot      =    -35556.0918
 BOND   =       598.0310  ANGLE   =      2835.4477  DIHED      =      1714.5438
 1-4 NB =       332.5614  1-4 EEL =     -7108.0646  VDWAALS    =      2129.3963
 EELEC  =    -36058.0074  EHBOND  =         0.0000  RESTRAINT  =         0.0000
 EKCMT  =      3387.9803  VIRIAL  =      4336.4046  VOLUME     =    459918.7199
                                                    Density    =         0.3374
 Ewald error estimate:   0.2993E-04
 ------------------------------------------------------------------------------


 NSTEP =    22250   TIME(PS) =      64.500  TEMP(K) =   298.70  PRESS =   -77.3
 Etot   =    -25023.4353  EKtot   =     10352.0686  EPtot      =    -35375.5039
 BOND   =       591.8681  ANGLE   =      2944.4191  DIHED      =      1692.0387
 1-4 NB =       346.5642  1-4 EEL =     -7123.6128  VDWAALS    =      2197.0737
 EELEC  =    -36023.8550  EHBOND  =         0.0000  RESTRAINT  =         0.0000
 EKCMT  =      3269.0936  VIRIAL  =      4036.1866  VOLUME     =    459543.9642
                                                    Density    =         0.3377
 Ewald error estimate:   0.2992E-04
 ------------------------------------------------------------------------------


 NSTEP =    22500   TIME(PS) =      65.000  TEMP(K) =   299.07  PRESS =  -165.9
 Etot   =    -25196.2579  EKtot   =     10365.1632  EPtot      =    -35561.4211
 BOND   =       617.6938  ANGLE   =      2858.1804  DIHED      =      1729.3960
 1-4 NB =       344.8118  1-4 EEL =     -7115.5821  VDWAALS    =      2184.6462
 EELEC  =    -36180.5673  EHBOND  =         0.0000  RESTRAINT  =         0.0000
 EKCMT  =      3264.7985  VIRIAL  =      4909.2271  VOLUME     =    459085.2357
                                                    Density    =         0.3380
 Ewald error estimate:   0.1004E-03
 ------------------------------------------------------------------------------


 NSTEP =    22750   TIME(PS) =      65.500  TEMP(K) =   299.40  PRESS =  -129.5
 Etot   =    -25093.4860  EKtot   =     10376.6307  EPtot      =    -35470.1167
 BOND   =       657.7838  ANGLE   =      2917.1736  DIHED      =      1713.4811
 1-4 NB =       344.4378  1-4 EEL =     -7120.2784  VDWAALS    =      2230.0665
 EELEC  =    -36212.7811  EHBOND  =         0.0000  RESTRAINT  =         0.0000
 EKCMT  =      3248.2999  VIRIAL  =      4531.3407  VOLUME     =    458703.8018
                                                    Density    =         0.3383
 Ewald error estimate:   0.7313E-04
 ------------------------------------------------------------------------------


 NSTEP =    23000   TIME(PS) =      66.000  TEMP(K) =   303.52  PRESS =   -41.4
 Etot   =    -25051.4644  EKtot   =     10519.3847  EPtot      =    -35570.8492
 BOND   =       627.1142  ANGLE   =      2817.3063  DIHED      =      1708.9259
 1-4 NB =       323.2498  1-4 EEL =     -7115.3870  VDWAALS    =      2320.3032
 EELEC  =    -36252.3616  EHBOND  =         0.0000  RESTRAINT  =         0.0000
 EKCMT  =      3354.4746  VIRIAL  =      3763.7646  VOLUME     =    458217.1912
                                                    Density    =         0.3387
 Ewald error estimate:   0.1698E-03
 ------------------------------------------------------------------------------


 NSTEP =    23250   TIME(PS) =      66.500  TEMP(K) =   299.64  PRESS =   -86.3
 Etot   =    -24995.9229  EKtot   =     10384.8994  EPtot      =    -35380.8224
 BOND   =       630.3839  ANGLE   =      2884.9933  DIHED      =      1742.9194
 1-4 NB =       342.8612  1-4 EEL =     -7097.7134  VDWAALS    =      2207.1178
 EELEC  =    -36091.3844  EHBOND  =         0.0000  RESTRAINT  =         0.0000
 EKCMT  =      3305.1919  VIRIAL  =      4158.3062  VOLUME     =    457815.9754
                                                    Density    =         0.3390
 Ewald error estimate:   0.2041E-04
 ------------------------------------------------------------------------------


 NSTEP =    23500   TIME(PS) =      67.000  TEMP(K) =   300.66  PRESS =   -63.8
 Etot   =    -25013.1517  EKtot   =     10420.2827  EPtot      =    -35433.4344
 BOND   =       623.2065  ANGLE   =      2872.3704  DIHED      =      1709.9758
 1-4 NB =       329.0125  1-4 EEL =     -7123.3301  VDWAALS    =      2115.4049
 EELEC  =    -35960.0745  EHBOND  =         0.0000  RESTRAINT  =         0.0000
 EKCMT  =      3358.6758  VIRIAL  =      3989.3155  VOLUME     =    457459.1592
                                                    Density    =         0.3392
 Ewald error estimate:   0.3765E-04
 ------------------------------------------------------------------------------


 NSTEP =    23750   TIME(PS) =      67.500  TEMP(K) =   300.05  PRESS =  -101.5
 Etot   =    -24928.7567  EKtot   =     10399.1408  EPtot      =    -35327.8975
 BOND   =       620.1869  ANGLE   =      2934.5254  DIHED      =      1717.1574
 1-4 NB =       340.7403  1-4 EEL =     -7116.8142  VDWAALS    =      2179.2957
 EELEC  =    -36002.9891  EHBOND  =         0.0000  RESTRAINT  =         0.0000
 EKCMT  =      3373.3898  VIRIAL  =      4375.1558  VOLUME     =    456962.2639
                                                    Density    =         0.3396
 Ewald error estimate:   0.3972E-04
 ------------------------------------------------------------------------------


 NSTEP =    24000   TIME(PS) =      68.000  TEMP(K) =   301.04  PRESS =  -140.9
 Etot   =    -24999.8345  EKtot   =     10433.3651  EPtot      =    -35433.1996
 BOND   =       616.2216  ANGLE   =      2924.5882  DIHED      =      1702.4437
 1-4 NB =       331.2077  1-4 EEL =     -7122.2896  VDWAALS    =      2236.7614
 EELEC  =    -36122.1325  EHBOND  =         0.0000  RESTRAINT  =         0.0000
 EKCMT  =      3295.7812  VIRIAL  =      4684.1184  VOLUME     =    456287.6886
                                                    Density    =         0.3401
 Ewald error estimate:   0.1343E-04
 ------------------------------------------------------------------------------


 NSTEP =    24250   TIME(PS) =      68.500  TEMP(K) =   298.95  PRESS =  -165.7
 Etot   =    -25072.5529  EKtot   =     10361.0381  EPtot      =    -35433.5910
 BOND   =       606.2164  ANGLE   =      2897.8844  DIHED      =      1695.9094
 1-4 NB =       348.3076  1-4 EEL =     -7111.1054  VDWAALS    =      2119.1093
 EELEC  =    -35989.9126  EHBOND  =         0.0000  RESTRAINT  =         0.0000
 EKCMT  =      3248.4053  VIRIAL  =      4878.9289  VOLUME     =    455620.8961
                                                    Density    =         0.3406
 Ewald error estimate:   0.1739E-03
 ------------------------------------------------------------------------------


 NSTEP =    24500   TIME(PS) =      69.000  TEMP(K) =   302.78  PRESS =   -54.3
 Etot   =    -25064.1231  EKtot   =     10493.7284  EPtot      =    -35557.8515
 BOND   =       600.3788  ANGLE   =      2860.7315  DIHED      =      1733.1127
 1-4 NB =       353.0593  1-4 EEL =     -7156.9818  VDWAALS    =      2327.3824
 EELEC  =    -36275.5344  EHBOND  =         0.0000  RESTRAINT  =         0.0000
 EKCMT  =      3360.4487  VIRIAL  =      3893.6429  VOLUME     =    455081.1329
                                                    Density    =         0.3410
 Ewald error estimate:   0.2298E-05
 ------------------------------------------------------------------------------


 NSTEP =    24750   TIME(PS) =      69.500  TEMP(K) =   297.64  PRESS =   -28.2
 Etot   =    -25341.1781  EKtot   =     10315.5547  EPtot      =    -35656.7329
 BOND   =       599.0635  ANGLE   =      2857.9267  DIHED      =      1692.2951
 1-4 NB =       331.2970  1-4 EEL =     -7118.1009  VDWAALS    =      2336.6387
 EELEC  =    -36355.8531  EHBOND  =         0.0000  RESTRAINT  =         0.0000
 EKCMT  =      3256.9475  VIRIAL  =      3533.6100  VOLUME     =    454427.3879
                                                    Density    =         0.3415
 Ewald error estimate:   0.1097E-03
 ------------------------------------------------------------------------------


 NSTEP =    25000   TIME(PS) =      70.000  TEMP(K) =   302.89  PRESS =   -66.0
 Etot   =    -25254.0092  EKtot   =     10497.5733  EPtot      =    -35751.5826
 BOND   =       619.0466  ANGLE   =      2851.6473  DIHED      =      1676.3163
 1-4 NB =       332.0773  1-4 EEL =     -7104.6527  VDWAALS    =      2316.8248
 EELEC  =    -36442.8421  EHBOND  =         0.0000  RESTRAINT  =         0.0000
 EKCMT  =      3362.3012  VIRIAL  =      4009.1490  VOLUME     =    454220.0110
                                                    Density    =         0.3417
 Ewald error estimate:   0.1422E-03
 ------------------------------------------------------------------------------


 NSTEP =    25250   TIME(PS) =      70.500  TEMP(K) =   304.32  PRESS =  -166.8
 Etot   =    -25233.7451  EKtot   =     10547.0810  EPtot      =    -35780.8262
 BOND   =       631.1665  ANGLE   =      2869.9715  DIHED      =      1712.1521
 1-4 NB =       337.3130  1-4 EEL =     -7087.6753  VDWAALS    =      2178.2702
 EELEC  =    -36422.0241  EHBOND  =         0.0000  RESTRAINT  =         0.0000
 EKCMT  =      3394.5013  VIRIAL  =      5029.0215  VOLUME     =    453828.4928
                                                    Density    =         0.3420
 Ewald error estimate:   0.1342E-03
 ------------------------------------------------------------------------------


 NSTEP =    25500   TIME(PS) =      71.000  TEMP(K) =   303.39  PRESS =  -104.6
 Etot   =    -25211.9297  EKtot   =     10514.6838  EPtot      =    -35726.6135
 BOND   =       611.4345  ANGLE   =      2856.1680  DIHED      =      1680.2391
 1-4 NB =       347.4066  1-4 EEL =     -7112.3543  VDWAALS    =      2229.3983
 EELEC  =    -36338.9057  EHBOND  =         0.0000  RESTRAINT  =         0.0000
 EKCMT  =      3356.8549  VIRIAL  =      4380.8732  VOLUME     =    453339.0717
                                                    Density    =         0.3423
 Ewald error estimate:   0.1679E-04
 ------------------------------------------------------------------------------


 NSTEP =    25750   TIME(PS) =      71.500  TEMP(K) =   299.70  PRESS =   -67.2
 Etot   =    -25241.1198  EKtot   =     10386.8101  EPtot      =    -35627.9299
 BOND   =       600.6245  ANGLE   =      2948.9358  DIHED      =      1714.9763
 1-4 NB =       331.9198  1-4 EEL =     -7091.5552  VDWAALS    =      2255.2818
 EELEC  =    -36388.1129  EHBOND  =         0.0000  RESTRAINT  =         0.0000
 EKCMT  =      3305.8754  VIRIAL  =      3962.7089  VOLUME     =    452962.7761
                                                    Density    =         0.3426
 Ewald error estimate:   0.2025E-03
 ------------------------------------------------------------------------------


 NSTEP =    26000   TIME(PS) =      72.000  TEMP(K) =   301.79  PRESS =   -36.8
 Etot   =    -25228.4433  EKtot   =     10459.2539  EPtot      =    -35687.6972
 BOND   =       618.9540  ANGLE   =      2930.3663  DIHED      =      1701.2914
 1-4 NB =       337.7022  1-4 EEL =     -7134.9675  VDWAALS    =      2305.1584
 EELEC  =    -36446.2020  EHBOND  =         0.0000  RESTRAINT  =         0.0000
 EKCMT  =      3321.7256  VIRIAL  =      3680.9132  VOLUME     =    452614.6914
                                                    Density    =         0.3429
 Ewald error estimate:   0.6318E-04
 ------------------------------------------------------------------------------


 NSTEP =    26250   TIME(PS) =      72.500  TEMP(K) =   298.97  PRESS =  -160.2
 Etot   =    -25266.6767  EKtot   =     10361.6141  EPtot      =    -35628.2909
 BOND   =       593.3503  ANGLE   =      2873.6594  DIHED      =      1709.1300
 1-4 NB =       333.1427  1-4 EEL =     -7088.6713  VDWAALS    =      2148.9844
 EELEC  =    -36197.8865  EHBOND  =         0.0000  RESTRAINT  =         0.0000
 EKCMT  =      3334.7051  VIRIAL  =      4898.9987  VOLUME     =    452130.9811
                                                    Density    =         0.3432
 Ewald error estimate:   0.6657E-06
 ------------------------------------------------------------------------------


 NSTEP =    26500   TIME(PS) =      73.000  TEMP(K) =   300.01  PRESS =  -105.2
 Etot   =    -25132.2497  EKtot   =     10397.4872  EPtot      =    -35529.7369
 BOND   =       602.2121  ANGLE   =      2912.1811  DIHED      =      1692.7428
 1-4 NB =       332.4399  1-4 EEL =     -7107.1830  VDWAALS    =      2174.2026
 EELEC  =    -36136.3322  EHBOND  =         0.0000  RESTRAINT  =         0.0000
 EKCMT  =      3367.8379  VIRIAL  =      4393.4154  VOLUME     =    451494.6460
                                                    Density    =         0.3437
 Ewald error estimate:   0.2809E-04
 ------------------------------------------------------------------------------


 NSTEP =    26750   TIME(PS) =      73.500  TEMP(K) =   298.35  PRESS =   -59.3
 Etot   =    -25098.5770  EKtot   =     10339.9278  EPtot      =    -35438.5048
 BOND   =       577.0561  ANGLE   =      2869.6349  DIHED      =      1705.4814
 1-4 NB =       340.7365  1-4 EEL =     -7102.6020  VDWAALS    =      2138.2813
 EELEC  =    -35967.0930  EHBOND  =         0.0000  RESTRAINT  =         0.0000
 EKCMT  =      3299.9169  VIRIAL  =      3877.4357  VOLUME     =    450936.1426
                                                    Density    =         0.3441
 Ewald error estimate:   0.6527E-04
 ------------------------------------------------------------------------------


 NSTEP =    27000   TIME(PS) =      74.000  TEMP(K) =   300.31  PRESS =  -123.9
 Etot   =    -25094.5021  EKtot   =     10407.9894  EPtot      =    -35502.4915
 BOND   =       560.8546  ANGLE   =      2858.7672  DIHED      =      1712.4554
 1-4 NB =       334.7509  1-4 EEL =     -7104.3166  VDWAALS    =      2153.3490
 EELEC  =    -36018.3521  EHBOND  =         0.0000  RESTRAINT  =         0.0000
 EKCMT  =      3328.0937  VIRIAL  =      4532.9443  VOLUME     =    450368.4904
                                                    Density    =         0.3446
 Ewald error estimate:   0.1890E-03
 ------------------------------------------------------------------------------


 NSTEP =    27250   TIME(PS) =      74.500  TEMP(K) =   298.31  PRESS =  -105.0
 Etot   =    -25189.0784  EKtot   =     10338.7784  EPtot      =    -35527.8568
 BOND   =       602.8593  ANGLE   =      2871.8469  DIHED      =      1690.7734
 1-4 NB =       342.0670  1-4 EEL =     -7097.1288  VDWAALS    =      2162.3649
 EELEC  =    -36100.6395  EHBOND  =         0.0000  RESTRAINT  =         0.0000
 EKCMT  =      3244.4643  VIRIAL  =      4264.4751  VOLUME     =    449952.1164
                                                    Density    =         0.3449
 Ewald error estimate:   0.1246E-03
 ------------------------------------------------------------------------------


 NSTEP =    27500   TIME(PS) =      75.000  TEMP(K) =   298.55  PRESS =   -89.8
 Etot   =    -25187.5568  EKtot   =     10347.0043  EPtot      =    -35534.5610
 BOND   =       591.0190  ANGLE   =      2820.5114  DIHED      =      1733.3007
 1-4 NB =       344.6701  1-4 EEL =     -7096.8511  VDWAALS    =      2187.1383
 EELEC  =    -36114.3494  EHBOND  =         0.0000  RESTRAINT  =         0.0000
 EKCMT  =      3314.6880  VIRIAL  =      4185.5657  VOLUME     =    449408.7261
                                                    Density    =         0.3453
 Ewald error estimate:   0.1553E-03
 ------------------------------------------------------------------------------


 NSTEP =    27750   TIME(PS) =      75.500  TEMP(K) =   297.45  PRESS =   -97.9
 Etot   =    -25257.3356  EKtot   =     10308.9041  EPtot      =    -35566.2397
 BOND   =       605.2535  ANGLE   =      2870.0223  DIHED      =      1691.2909
 1-4 NB =       334.6458  1-4 EEL =     -7081.2891  VDWAALS    =      2171.2841
 EELEC  =    -36157.4472  EHBOND  =         0.0000  RESTRAINT  =         0.0000
 EKCMT  =      3333.7029  VIRIAL  =      4282.5156  VOLUME     =    448931.6588
                                                    Density    =         0.3457
 Ewald error estimate:   0.8898E-04
 ------------------------------------------------------------------------------


 NSTEP =    28000   TIME(PS) =      76.000  TEMP(K) =   299.27  PRESS =   -37.4
 Etot   =    -25279.8062  EKtot   =     10372.0519  EPtot      =    -35651.8581
 BOND   =       598.7764  ANGLE   =      2875.7572  DIHED      =      1689.9341
 1-4 NB =       346.7029  1-4 EEL =     -7099.3972  VDWAALS    =      2171.3511
 EELEC  =    -36234.9826  EHBOND  =         0.0000  RESTRAINT  =         0.0000
 EKCMT  =      3296.0985  VIRIAL  =      3658.0523  VOLUME     =    448564.5759
                                                    Density    =         0.3460
 Ewald error estimate:   0.1493E-03
 ------------------------------------------------------------------------------


 NSTEP =    28250   TIME(PS) =      76.500  TEMP(K) =   300.92  PRESS =   -93.7
 Etot   =    -25073.2834  EKtot   =     10429.1205  EPtot      =    -35502.4039
 BOND   =       609.2726  ANGLE   =      2887.0404  DIHED      =      1732.0620
 1-4 NB =       344.3487  1-4 EEL =     -7121.5203  VDWAALS    =      2221.1031
 EELEC  =    -36174.7103  EHBOND  =         0.0000  RESTRAINT  =         0.0000
 EKCMT  =      3296.7842  VIRIAL  =      4203.1256  VOLUME     =    448182.4793
                                                    Density    =         0.3463
 Ewald error estimate:   0.8545E-04
 ------------------------------------------------------------------------------


 NSTEP =    28500   TIME(PS) =      77.000  TEMP(K) =   300.02  PRESS =   -58.6
 Etot   =    -25076.3414  EKtot   =     10397.9671  EPtot      =    -35474.3085
 BOND   =       571.6441  ANGLE   =      2905.6964  DIHED      =      1742.8629
 1-4 NB =       345.4254  1-4 EEL =     -7109.8090  VDWAALS    =      2237.6629
 EELEC  =    -36167.7913  EHBOND  =         0.0000  RESTRAINT  =         0.0000
 EKCMT  =      3291.5941  VIRIAL  =      3858.3392  VOLUME     =    447664.0102
                                                    Density    =         0.3467
 Ewald error estimate:   0.8812E-05
 ------------------------------------------------------------------------------


 NSTEP =    28750   TIME(PS) =      77.500  TEMP(K) =   303.00  PRESS =    10.4
 Etot   =    -25219.9750  EKtot   =     10501.4053  EPtot      =    -35721.3803
 BOND   =       592.4540  ANGLE   =      2887.3567  DIHED      =      1697.9814
 1-4 NB =       341.1215  1-4 EEL =     -7111.4756  VDWAALS    =      2274.7402
 EELEC  =    -36403.5585  EHBOND  =         0.0000  RESTRAINT  =         0.0000
 EKCMT  =      3331.8426  VIRIAL  =      3231.7082  VOLUME     =    447205.8441
                                                    Density    =         0.3470
 Ewald error estimate:   0.1187E-03
 ------------------------------------------------------------------------------


 NSTEP =    29000   TIME(PS) =      78.000  TEMP(K) =   297.52  PRESS =   -13.0
 Etot   =    -25364.3455  EKtot   =     10311.4455  EPtot      =    -35675.7910
 BOND   =       631.3654  ANGLE   =      2879.5991  DIHED      =      1713.9667
 1-4 NB =       326.8185  1-4 EEL =     -7100.7126  VDWAALS    =      2252.5457
 EELEC  =    -36379.3739  EHBOND  =         0.0000  RESTRAINT  =         0.0000
 EKCMT  =      3275.0046  VIRIAL  =      3400.3942  VOLUME     =    447038.4307
                                                    Density    =         0.3471
 Ewald error estimate:   0.1228E-03
 ------------------------------------------------------------------------------


 NSTEP =    29250   TIME(PS) =      78.500  TEMP(K) =   298.80  PRESS =   -78.7
 Etot   =    -25317.3783  EKtot   =     10355.6383  EPtot      =    -35673.0166
 BOND   =       599.8723  ANGLE   =      2923.7905  DIHED      =      1711.6516
 1-4 NB =       330.5087  1-4 EEL =     -7112.6675  VDWAALS    =      2201.3106
 EELEC  =    -36327.4828  EHBOND  =         0.0000  RESTRAINT  =         0.0000
 EKCMT  =      3248.7409  VIRIAL  =      4007.8357  VOLUME     =    446552.7085
                                                    Density    =         0.3475
 Ewald error estimate:   0.1724E-03
 ------------------------------------------------------------------------------


 NSTEP =    29500   TIME(PS) =      79.000  TEMP(K) =   298.00  PRESS =  -138.3
 Etot   =    -25297.0301  EKtot   =     10327.8658  EPtot      =    -35624.8959
 BOND   =       564.4989  ANGLE   =      2958.3680  DIHED      =      1699.0640
 1-4 NB =       328.4890  1-4 EEL =     -7076.4180  VDWAALS    =      2134.6347
 EELEC  =    -36233.5326  EHBOND  =         0.0000  RESTRAINT  =         0.0000
 EKCMT  =      3285.9721  VIRIAL  =      4617.7538  VOLUME     =    446072.2322
                                                    Density    =         0.3479
 Ewald error estimate:   0.1013E-03
 ------------------------------------------------------------------------------


 NSTEP =    29750   TIME(PS) =      79.500  TEMP(K) =   301.14  PRESS =  -109.9
 Etot   =    -25291.7259  EKtot   =     10436.6939  EPtot      =    -35728.4198
 BOND   =       620.4712  ANGLE   =      2807.4916  DIHED      =      1733.2512
 1-4 NB =       347.0080  1-4 EEL =     -7081.4191  VDWAALS    =      2269.1250
 EELEC  =    -36424.3478  EHBOND  =         0.0000  RESTRAINT  =         0.0000
 EKCMT  =      3399.4044  VIRIAL  =      4457.3420  VOLUME     =    445759.0137
                                                    Density    =         0.3481
 Ewald error estimate:   0.3517E-05
 ------------------------------------------------------------------------------

