
          -------------------------------------------------------
          Amber 18 SANDER                              2018
          -------------------------------------------------------

| Run on 05/25/2020 at 21:16:27

|   Executable path: /home/guscafe/Documents/amber18/bin/sander.MPI
| Working directory: /home/guscafe/Documents/amber18/B02_Tutorial/Ethanol_Solut/Test/GoodRun/MD1
|          Hostname: Unknown
  [-O]verwriting output

File Assignments:
|  MDIN: DNA_md1.in                                                            
| MDOUT: ../MD2/Output/DNA_md1.out                                             
|INPCRD: ../DNAmin1.ncrst                                                      
|  PARM: ../dna.prmtop                                                         
|RESTRT: ../MD2/Output/DNA_md1.ncrst                                           
|  REFC: ../DNAmin1.ncrst                                                      
| MDVEL: mdvel                                                                 
| MDFRC: mdfrc                                                                 
|  MDEN: mden                                                                  
| MDCRD: ../MD2/Output/DNA_md1.nc                                              
|MDINFO: mdinfo                                                                
|  MTMD: mtmd                                                                  
|INPDIP: inpdip                                                                
|RSTDIP: rstdip                                                                
|INPTRA: inptraj                                                               

|    REMLOG: rem.log
|   REMTYPE: rem.type
|  REMSTRIP: 
|   SAVEENE: saveene
|CLUSTERINF: cluster.info
| RESERVOIR: reserv/frame
|   REMDDIM: 


 Here is the input file:

A-DNA 10-mer: 20ps MD with res on DNA                                          
 &cntrl                                                                        
  imin   = 0,                                                                  
  irest  = 0,                                                                  
  ntx    = 1,                                                                  
  ntb    = 1,                                                                  
  cut    = 10.0,                                                               
  ntr    = 1,                                                                  
  ntc    = 2,                                                                  
  ntf    = 2,                                                                  
  tempi  = 0.0,                                                                
  temp0  = 300.0,                                                              
  ntt    = 3,                                                                  
  gamma_ln = 1.0,                                                              
  nstlim = 10000, dt = 0.002,                                                  
  ntpr = 250, ntwx = 250, ntwr = 10000                                         
 /                                                                             
Keep DNA fixed with weak restraints                                            
10.0                                                                           
RES 1 20                                                                       
END                                                                            
END                                                                            

--------------------------------------------------------------------------------
   1.  RESOURCE   USE: 
--------------------------------------------------------------------------------

| Flags: MPI                                                                    
 getting box info from netcdf restart file
| NetCDF restart box info found
|Largest sphere to fit in unit cell has radius =    40.000
| New format PARM file being parsed.
| Version =    1.000 Date = 05/20/20 Time = 19:35:35
 NATOM  =   16124 NTYPES =      17 NBONH =   13491 MBONA  =    1926
 NTHETH =    9398 MTHETA =    1431 NPHIH =   12876 MPHIA  =    1326
 NHPARM =       0 NPARM  =       0 NNB   =   40400 NRES   =    3720
 NBONA  =    1926 NTHETA =    1431 NPHIA =    1326 NUMBND =      46
 NUMANG =      82 NPTRA  =      56 NATYP =      34 NPHB   =       1
 IFBOX  =       1 NMXRS  =      33 IFCAP =       0 NEXTRA =       0
 NCOPY  =       0


|     Memory Use     Allocated
|     Real             1260638
|     Hollerith          52094
|     Integer          1117933
|     Max Pairs        2321856
|     nblistReal        193488
|     nblist Int        966126
|       Total            28774 kbytes

| Note: 1-4 EEL scale factors are being read from the topology file.

| Note: 1-4 VDW scale factors are being read from the topology file.
| Duplicated    0 dihedrals
| Duplicated    0 dihedrals

     BOX TYPE: RECTILINEAR

--------------------------------------------------------------------------------
   2.  CONTROL  DATA  FOR  THE  RUN
--------------------------------------------------------------------------------

default_name                                                                    

General flags:
     imin    =       0, nmropt  =       0

Nature and format of input:
     ntx     =       1, irest   =       0, ntrx    =       1

Nature and format of output:
     ntxo    =       2, ntpr    =     250, ntrx    =       1, ntwr    =   10000
     iwrap   =       0, ntwx    =     250, ntwv    =       0, ntwe    =       0
     ioutfm  =       1, ntwprt  =       0, idecomp =       0, rbornstat=      0

Potential function:
     ntf     =       2, ntb     =       1, igb     =       0, nsnb    =      25
     ipol    =       0, gbsa    =       0, iesp    =       0
     dielc   =   1.00000, cut     =  10.00000, intdiel =   1.00000

Frozen or restrained atoms:
     ibelly  =       0, ntr     =       1
     restraint_wt =   0.00000

Molecular dynamics:
     nstlim  =     10000, nscm    =         0, nrespa  =         1
     t       =   0.00000, dt      =   0.00200, vlimit  =  20.00000

Langevin dynamics temperature regulation:
     ig      =   71277
     temp0   = 300.00000, tempi   =   0.00000, gamma_ln=   1.00000

SHAKE:
     ntc     =       2, jfastw  =       0
     tol     =   0.00001

Ewald parameters:
     verbose =       0, ew_type =       0, nbflag  =       1, use_pme =       1
     vdwmeth =       1, eedmeth =       1, netfrc  =       1
     Box X =   80.000   Box Y =   80.000   Box Z =   80.000
     Alpha =   90.000   Beta  =   90.000   Gamma =   90.000
     NFFT1 =   80       NFFT2 =   80       NFFT3 =   80
     Cutoff=   10.000   Tol   =0.100E-04
     Ewald Coefficient =  0.27511
     Interpolation order =    4

| MPI Timing options:
|      profile_mpi =        0
|  INFO: Old style inpcrd file read


    LOADING THE CONSTRAINED ATOMS AS GROUPS


   5.  REFERENCE ATOM COORDINATES

  defa
    ----- READING GROUP     1; TITLE:
 Keep DNA fixed with weak restraints                                         

     GROUP    1 HAS HARMONIC CONSTRAINTS    10.00000
 GRP    1 RES    1 TO    20
      Number of atoms in this group  =   638
    ----- END OF GROUP READ -----

--------------------------------------------------------------------------------
   3.  ATOMIC COORDINATES AND VELOCITIES
--------------------------------------------------------------------------------

default_name                                                                    
 begin time read from input coords =     0.000 ps

 Number of triangulated 3-point waters found:     2945
|  Atom division among processors:
|         0    4031    8063   12095   16124

     Sum of charges from parm topology file =   0.00073869
     Forcing neutrality...
|  Running AMBER/MPI version on    4 nodes


--------------------------------------------------------------------------------
   4.  RESULTS
--------------------------------------------------------------------------------

|  # of SOLUTE  degrees of freedom (RNDFP):   34881.
|  # of SOLVENT degrees of freedom (RNDFS):       0.
|  NDFMIN =   34881.     NUM_NOSHAKE =      0     CORRECTED RNDFP =   34881.
|  TOTAL # of degrees of freedom (RNDF) =   34881.
 ---------------------------------------------------
 APPROXIMATING switch and d/dx switch using CUBIC SPLINE INTERPOLATION
 using   5000.0 points per unit in tabled values
 TESTING RELATIVE ERROR over r ranging from 0.0 to cutoff
| CHECK switch(x): max rel err =   0.2738E-14   at   2.422500
| CHECK d/dx switch(x): max rel err =   0.8314E-11   at   2.736960
 ---------------------------------------------------
| Local SIZE OF NONBOND LIST =     623776
| TOTAL SIZE OF NONBOND LIST =    2369632

 NSTEP =        0   TIME(PS) =       0.000  TEMP(K) =     0.00  PRESS =     0.0
 Etot   =    -49962.1209  EKtot   =         0.0000  EPtot      =    -49962.1209
 BOND   =        23.7046  ANGLE   =       188.5965  DIHED      =      1180.5151
 1-4 NB =       240.2776  1-4 EEL =     -6884.5099  VDWAALS    =      6682.8431
 EELEC  =    -51393.5480  EHBOND  =         0.0000  RESTRAINT  =         0.0000
 Ewald error estimate:   0.1899E-04
 ------------------------------------------------------------------------------


 NSTEP =      250   TIME(PS) =       0.500  TEMP(K) =   119.34  PRESS =     0.0
 Etot   =    -35965.7477  EKtot   =      4136.1950  EPtot      =    -40101.9427
 BOND   =       260.6796  ANGLE   =      1252.1397  DIHED      =      1337.8797
 1-4 NB =       275.1706  1-4 EEL =     -6910.8326  VDWAALS    =      4087.1916
 EELEC  =    -40442.4098  EHBOND  =         0.0000  RESTRAINT  =        38.2384
 EAMBER (non-restraint)  =    -40140.1811
 Ewald error estimate:   0.7350E-04
 ------------------------------------------------------------------------------


 NSTEP =      500   TIME(PS) =       1.000  TEMP(K) =   185.03  PRESS =     0.0
 Etot   =    -30883.2802  EKtot   =      6412.6408  EPtot      =    -37295.9210
 BOND   =       374.8207  ANGLE   =      1919.4220  DIHED      =      1439.8023
 1-4 NB =       298.6897  1-4 EEL =     -6914.8341  VDWAALS    =      3521.5417
 EELEC  =    -37993.1829  EHBOND  =         0.0000  RESTRAINT  =        57.8197
 EAMBER (non-restraint)  =    -37353.7406
 Ewald error estimate:   0.4856E-04
 ------------------------------------------------------------------------------


 NSTEP =      750   TIME(PS) =       1.500  TEMP(K) =   226.63  PRESS =     0.0
 Etot   =    -27684.2242  EKtot   =      7854.3346  EPtot      =    -35538.5588
 BOND   =       493.5026  ANGLE   =      2247.8443  DIHED      =      1550.7242
 1-4 NB =       316.4414  1-4 EEL =     -6930.2126  VDWAALS    =      3082.5673
 EELEC  =    -36380.6126  EHBOND  =         0.0000  RESTRAINT  =        81.1866
 EAMBER (non-restraint)  =    -35619.7454
 Ewald error estimate:   0.1018E-03
 ------------------------------------------------------------------------------


 NSTEP =     1000   TIME(PS) =       2.000  TEMP(K) =   250.67  PRESS =     0.0
 Etot   =    -25599.8445  EKtot   =      8687.7409  EPtot      =    -34287.5854
 BOND   =       509.4533  ANGLE   =      2532.9691  DIHED      =      1580.1474
 1-4 NB =       320.9454  1-4 EEL =     -6954.6253  VDWAALS    =      3099.7083
 EELEC  =    -35465.8477  EHBOND  =         0.0000  RESTRAINT  =        89.6641
 EAMBER (non-restraint)  =    -34377.2495
 Ewald error estimate:   0.1093E-03
 ------------------------------------------------------------------------------


 NSTEP =     1250   TIME(PS) =       2.500  TEMP(K) =   269.53  PRESS =     0.0
 Etot   =    -24144.5687  EKtot   =      9341.3701  EPtot      =    -33485.9389
 BOND   =       547.7077  ANGLE   =      2624.6554  DIHED      =      1633.3359
 1-4 NB =       340.8874  1-4 EEL =     -7005.0054  VDWAALS    =      2878.2463
 EELEC  =    -34606.4712  EHBOND  =         0.0000  RESTRAINT  =       100.7050
 EAMBER (non-restraint)  =    -33586.6438
 Ewald error estimate:   0.3962E-05
 ------------------------------------------------------------------------------


 NSTEP =     1500   TIME(PS) =       3.000  TEMP(K) =   276.06  PRESS =     0.0
 Etot   =    -23383.8965  EKtot   =      9567.4667  EPtot      =    -32951.3632
 BOND   =       604.1648  ANGLE   =      2691.0065  DIHED      =      1663.5768
 1-4 NB =       338.1865  1-4 EEL =     -6984.3648  VDWAALS    =      2758.2529
 EELEC  =    -34126.6530  EHBOND  =         0.0000  RESTRAINT  =       104.4670
 EAMBER (non-restraint)  =    -33055.8302
 Ewald error estimate:   0.6433E-04
 ------------------------------------------------------------------------------


 NSTEP =     1750   TIME(PS) =       3.500  TEMP(K) =   285.17  PRESS =     0.0
 Etot   =    -22825.7444  EKtot   =      9883.4760  EPtot      =    -32709.2205
 BOND   =       598.1305  ANGLE   =      2755.9068  DIHED      =      1646.3068
 1-4 NB =       332.7637  1-4 EEL =     -7041.5599  VDWAALS    =      2511.4990
 EELEC  =    -33607.5759  EHBOND  =         0.0000  RESTRAINT  =        95.3084
 EAMBER (non-restraint)  =    -32804.5289
 Ewald error estimate:   0.5440E-04
 ------------------------------------------------------------------------------


 NSTEP =     2000   TIME(PS) =       4.000  TEMP(K) =   289.31  PRESS =     0.0
 Etot   =    -22589.9357  EKtot   =     10026.9319  EPtot      =    -32616.8676
 BOND   =       595.4525  ANGLE   =      2788.5548  DIHED      =      1687.4798
 1-4 NB =       338.7332  1-4 EEL =     -7046.5332  VDWAALS    =      2596.7708
 EELEC  =    -33678.1942  EHBOND  =         0.0000  RESTRAINT  =       100.8687
 EAMBER (non-restraint)  =    -32717.7363
 Ewald error estimate:   0.1818E-04
 ------------------------------------------------------------------------------


 NSTEP =     2250   TIME(PS) =       4.500  TEMP(K) =   295.21  PRESS =     0.0
 Etot   =    -22390.6037  EKtot   =     10231.1970  EPtot      =    -32621.8008
 BOND   =       579.2802  ANGLE   =      2779.8463  DIHED      =      1675.4863
 1-4 NB =       344.7475  1-4 EEL =     -7062.1091  VDWAALS    =      2461.6597
 EELEC  =    -33501.3637  EHBOND  =         0.0000  RESTRAINT  =       100.6520
 EAMBER (non-restraint)  =    -32722.4528
 Ewald error estimate:   0.7220E-04
 ------------------------------------------------------------------------------


 NSTEP =     2500   TIME(PS) =       5.000  TEMP(K) =   295.73  PRESS =     0.0
 Etot   =    -22190.2487  EKtot   =     10249.2209  EPtot      =    -32439.4696
 BOND   =       611.5421  ANGLE   =      2887.3055  DIHED      =      1700.0440
 1-4 NB =       333.8498  1-4 EEL =     -7054.0426  VDWAALS    =      2617.2287
 EELEC  =    -33637.0029  EHBOND  =         0.0000  RESTRAINT  =       101.6059
 EAMBER (non-restraint)  =    -32541.0755
 Ewald error estimate:   0.7718E-04
 ------------------------------------------------------------------------------


 NSTEP =     2750   TIME(PS) =       5.500  TEMP(K) =   298.26  PRESS =     0.0
 Etot   =    -22125.8374  EKtot   =     10337.1422  EPtot      =    -32462.9797
 BOND   =       604.0321  ANGLE   =      2878.3550  DIHED      =      1703.6128
 1-4 NB =       347.7280  1-4 EEL =     -7078.8489  VDWAALS    =      2516.5952
 EELEC  =    -33537.9291  EHBOND  =         0.0000  RESTRAINT  =       103.4753
 EAMBER (non-restraint)  =    -32566.4550
 Ewald error estimate:   0.7221E-04
 ------------------------------------------------------------------------------


 NSTEP =     3000   TIME(PS) =       6.000  TEMP(K) =   297.08  PRESS =     0.0
 Etot   =    -22146.6529  EKtot   =     10295.9191  EPtot      =    -32442.5720
 BOND   =       614.7311  ANGLE   =      2872.8184  DIHED      =      1675.9219
 1-4 NB =       346.4327  1-4 EEL =     -7134.5749  VDWAALS    =      2466.8205
 EELEC  =    -33390.8974  EHBOND  =         0.0000  RESTRAINT  =       106.1758
 EAMBER (non-restraint)  =    -32548.7478
 Ewald error estimate:   0.5638E-04
 ------------------------------------------------------------------------------


 NSTEP =     3250   TIME(PS) =       6.500  TEMP(K) =   300.52  PRESS =     0.0
 Etot   =    -22026.7787  EKtot   =     10415.3151  EPtot      =    -32442.0938
 BOND   =       603.0746  ANGLE   =      2865.5824  DIHED      =      1706.0910
 1-4 NB =       337.4874  1-4 EEL =     -7124.5143  VDWAALS    =      2307.7047
 EELEC  =    -33241.3631  EHBOND  =         0.0000  RESTRAINT  =       103.8435
 EAMBER (non-restraint)  =    -32545.9373
 Ewald error estimate:   0.2173E-04
 ------------------------------------------------------------------------------


 NSTEP =     3500   TIME(PS) =       7.000  TEMP(K) =   301.45  PRESS =     0.0
 Etot   =    -21866.0313  EKtot   =     10447.4779  EPtot      =    -32313.5093
 BOND   =       608.4665  ANGLE   =      2933.9888  DIHED      =      1727.4841
 1-4 NB =       332.9389  1-4 EEL =     -7126.2037  VDWAALS    =      2373.8806
 EELEC  =    -33280.9694  EHBOND  =         0.0000  RESTRAINT  =       116.9047
 EAMBER (non-restraint)  =    -32430.4140
 Ewald error estimate:   0.2350E-04
 ------------------------------------------------------------------------------


 NSTEP =     3750   TIME(PS) =       7.500  TEMP(K) =   302.20  PRESS =     0.0
 Etot   =    -22034.1910  EKtot   =     10473.5471  EPtot      =    -32507.7381
 BOND   =       620.5355  ANGLE   =      2861.1150  DIHED      =      1703.6028
 1-4 NB =       333.6303  1-4 EEL =     -7126.8065  VDWAALS    =      2489.4247
 EELEC  =    -33497.2055  EHBOND  =         0.0000  RESTRAINT  =       107.9656
 EAMBER (non-restraint)  =    -32615.7037
 Ewald error estimate:   0.7784E-04
 ------------------------------------------------------------------------------


 NSTEP =     4000   TIME(PS) =       8.000  TEMP(K) =   300.06  PRESS =     0.0
 Etot   =    -21997.0000  EKtot   =     10399.2397  EPtot      =    -32396.2397
 BOND   =       651.8581  ANGLE   =      2904.5782  DIHED      =      1710.1544
 1-4 NB =       349.5783  1-4 EEL =     -7102.4821  VDWAALS    =      2417.1854
 EELEC  =    -33437.4409  EHBOND  =         0.0000  RESTRAINT  =       110.3289
 EAMBER (non-restraint)  =    -32506.5686
 Ewald error estimate:   0.4459E-04
 ------------------------------------------------------------------------------


 NSTEP =     4250   TIME(PS) =       8.500  TEMP(K) =   299.81  PRESS =     0.0
 Etot   =    -22142.6110  EKtot   =     10390.6191  EPtot      =    -32533.2301
 BOND   =       632.7970  ANGLE   =      2835.3809  DIHED      =      1692.2702
 1-4 NB =       327.4833  1-4 EEL =     -7125.1854  VDWAALS    =      2493.7592
 EELEC  =    -33493.8523  EHBOND  =         0.0000  RESTRAINT  =       104.1170
 EAMBER (non-restraint)  =    -32637.3471
 Ewald error estimate:   0.3403E-05
 ------------------------------------------------------------------------------


 NSTEP =     4500   TIME(PS) =       9.000  TEMP(K) =   300.89  PRESS =     0.0
 Etot   =    -22149.1291  EKtot   =     10428.2913  EPtot      =    -32577.4204
 BOND   =       568.7524  ANGLE   =      2930.3348  DIHED      =      1736.0257
 1-4 NB =       340.8255  1-4 EEL =     -7123.6617  VDWAALS    =      2418.8870
 EELEC  =    -33548.5814  EHBOND  =         0.0000  RESTRAINT  =        99.9973
 EAMBER (non-restraint)  =    -32677.4177
 Ewald error estimate:   0.4278E-05
 ------------------------------------------------------------------------------


 NSTEP =     4750   TIME(PS) =       9.500  TEMP(K) =   299.47  PRESS =     0.0
 Etot   =    -22337.0180  EKtot   =     10378.8694  EPtot      =    -32715.8875
 BOND   =       627.8198  ANGLE   =      2863.4713  DIHED      =      1707.2953
 1-4 NB =       335.3056  1-4 EEL =     -7110.6825  VDWAALS    =      2401.3082
 EELEC  =    -33633.0616  EHBOND  =         0.0000  RESTRAINT  =        92.6564
 EAMBER (non-restraint)  =    -32808.5439
 Ewald error estimate:   0.4426E-04
 ------------------------------------------------------------------------------


 NSTEP =     5000   TIME(PS) =      10.000  TEMP(K) =   297.09  PRESS =     0.0
 Etot   =    -22473.2764  EKtot   =     10296.5036  EPtot      =    -32769.7801
 BOND   =       641.1770  ANGLE   =      2855.3257  DIHED      =      1702.7712
 1-4 NB =       343.8425  1-4 EEL =     -7121.1319  VDWAALS    =      2453.3259
 EELEC  =    -33735.4367  EHBOND  =         0.0000  RESTRAINT  =        90.3462
 EAMBER (non-restraint)  =    -32860.1263
 Ewald error estimate:   0.3969E-04
 ------------------------------------------------------------------------------


 NSTEP =     5250   TIME(PS) =      10.500  TEMP(K) =   298.86  PRESS =     0.0
 Etot   =    -22442.2911  EKtot   =     10357.6628  EPtot      =    -32799.9539
 BOND   =       628.0200  ANGLE   =      2871.2561  DIHED      =      1674.8941
 1-4 NB =       332.3581  1-4 EEL =     -7120.2552  VDWAALS    =      2401.9520
 EELEC  =    -33687.4514  EHBOND  =         0.0000  RESTRAINT  =        99.2725
 EAMBER (non-restraint)  =    -32899.2263
 Ewald error estimate:   0.7708E-04
 ------------------------------------------------------------------------------


 NSTEP =     5500   TIME(PS) =      11.000  TEMP(K) =   300.43  PRESS =     0.0
 Etot   =    -22606.3007  EKtot   =     10412.2588  EPtot      =    -33018.5595
 BOND   =       632.3739  ANGLE   =      2808.7068  DIHED      =      1701.0985
 1-4 NB =       338.9019  1-4 EEL =     -7102.7812  VDWAALS    =      2368.3603
 EELEC  =    -33866.5688  EHBOND  =         0.0000  RESTRAINT  =       101.3491
 EAMBER (non-restraint)  =    -33119.9086
 Ewald error estimate:   0.8784E-04
 ------------------------------------------------------------------------------


 NSTEP =     5750   TIME(PS) =      11.500  TEMP(K) =   300.82  PRESS =     0.0
 Etot   =    -22566.1187  EKtot   =     10425.5336  EPtot      =    -32991.6523
 BOND   =       602.1329  ANGLE   =      2882.3960  DIHED      =      1716.2461
 1-4 NB =       354.2686  1-4 EEL =     -7147.6715  VDWAALS    =      2285.0202
 EELEC  =    -33789.5470  EHBOND  =         0.0000  RESTRAINT  =       105.5023
 EAMBER (non-restraint)  =    -33097.1546
 Ewald error estimate:   0.5056E-04
 ------------------------------------------------------------------------------


 NSTEP =     6000   TIME(PS) =      12.000  TEMP(K) =   300.44  PRESS =     0.0
 Etot   =    -22561.0414  EKtot   =     10412.6660  EPtot      =    -32973.7074
 BOND   =       633.9356  ANGLE   =      2902.8302  DIHED      =      1717.7878
 1-4 NB =       345.2346  1-4 EEL =     -7120.8648  VDWAALS    =      2295.3653
 EELEC  =    -33855.2367  EHBOND  =         0.0000  RESTRAINT  =       107.2405
 EAMBER (non-restraint)  =    -33080.9479
 Ewald error estimate:   0.8663E-04
 ------------------------------------------------------------------------------


 NSTEP =     6250   TIME(PS) =      12.500  TEMP(K) =   301.15  PRESS =     0.0
 Etot   =    -22566.4780  EKtot   =     10437.2703  EPtot      =    -33003.7483
 BOND   =       612.6649  ANGLE   =      2876.1722  DIHED      =      1696.7581
 1-4 NB =       336.3548  1-4 EEL =     -7097.5369  VDWAALS    =      2287.7503
 EELEC  =    -33828.5624  EHBOND  =         0.0000  RESTRAINT  =       112.6506
 EAMBER (non-restraint)  =    -33116.3989
 Ewald error estimate:   0.7636E-05
 ------------------------------------------------------------------------------


 NSTEP =     6500   TIME(PS) =      13.000  TEMP(K) =   301.98  PRESS =     0.0
 Etot   =    -22557.4240  EKtot   =     10466.0751  EPtot      =    -33023.4990
 BOND   =       621.4181  ANGLE   =      2892.0692  DIHED      =      1700.0510
 1-4 NB =       332.8829  1-4 EEL =     -7108.4094  VDWAALS    =      2225.4245
 EELEC  =    -33795.0852  EHBOND  =         0.0000  RESTRAINT  =       108.1498
 EAMBER (non-restraint)  =    -33131.6488
 Ewald error estimate:   0.1401E-03
 ------------------------------------------------------------------------------


 NSTEP =     6750   TIME(PS) =      13.500  TEMP(K) =   299.83  PRESS =     0.0
 Etot   =    -22569.1392  EKtot   =     10391.2730  EPtot      =    -32960.4122
 BOND   =       634.4522  ANGLE   =      2920.7414  DIHED      =      1710.5035
 1-4 NB =       338.9086  1-4 EEL =     -7102.5748  VDWAALS    =      2532.8836
 EELEC  =    -34101.9446  EHBOND  =         0.0000  RESTRAINT  =       106.6179
 EAMBER (non-restraint)  =    -33067.0301
 Ewald error estimate:   0.3064E-04
 ------------------------------------------------------------------------------


 NSTEP =     7000   TIME(PS) =      14.000  TEMP(K) =   299.92  PRESS =     0.0
 Etot   =    -22718.4735  EKtot   =     10394.3612  EPtot      =    -33112.8346
 BOND   =       607.7175  ANGLE   =      2878.5358  DIHED      =      1689.9717
 1-4 NB =       327.8361  1-4 EEL =     -7090.6385  VDWAALS    =      2443.8877
 EELEC  =    -34074.2874  EHBOND  =         0.0000  RESTRAINT  =       104.1426
 EAMBER (non-restraint)  =    -33216.9773
 Ewald error estimate:   0.1062E-03
 ------------------------------------------------------------------------------


 NSTEP =     7250   TIME(PS) =      14.500  TEMP(K) =   298.97  PRESS =     0.0
 Etot   =    -22829.7139  EKtot   =     10361.5538  EPtot      =    -33191.2678
 BOND   =       600.3550  ANGLE   =      2894.8781  DIHED      =      1705.4880
 1-4 NB =       343.5021  1-4 EEL =     -7096.7026  VDWAALS    =      2400.6359
 EELEC  =    -34147.4946  EHBOND  =         0.0000  RESTRAINT  =       108.0703
 EAMBER (non-restraint)  =    -33299.3381
 Ewald error estimate:   0.5040E-04
 ------------------------------------------------------------------------------


 NSTEP =     7500   TIME(PS) =      15.000  TEMP(K) =   302.12  PRESS =     0.0
 Etot   =    -22916.0193  EKtot   =     10470.6494  EPtot      =    -33386.6687
 BOND   =       599.2353  ANGLE   =      2803.4827  DIHED      =      1694.5933
 1-4 NB =       343.7532  1-4 EEL =     -7097.4726  VDWAALS    =      2541.4009
 EELEC  =    -34371.9776  EHBOND  =         0.0000  RESTRAINT  =       100.3161
 EAMBER (non-restraint)  =    -33486.9848
 Ewald error estimate:   0.7589E-04
 ------------------------------------------------------------------------------


 NSTEP =     7750   TIME(PS) =      15.500  TEMP(K) =   300.09  PRESS =     0.0
 Etot   =    -22865.3942  EKtot   =     10400.3920  EPtot      =    -33265.7862
 BOND   =       622.0396  ANGLE   =      2816.6226  DIHED      =      1717.1997
 1-4 NB =       351.4950  1-4 EEL =     -7098.1878  VDWAALS    =      2381.3601
 EELEC  =    -34165.8075  EHBOND  =         0.0000  RESTRAINT  =       109.4921
 EAMBER (non-restraint)  =    -33375.2783
 Ewald error estimate:   0.3910E-04
 ------------------------------------------------------------------------------


 NSTEP =     8000   TIME(PS) =      16.000  TEMP(K) =   298.79  PRESS =     0.0
 Etot   =    -22978.0200  EKtot   =     10355.3272  EPtot      =    -33333.3472
 BOND   =       592.6546  ANGLE   =      2845.0131  DIHED      =      1698.8418
 1-4 NB =       333.3660  1-4 EEL =     -7084.0583  VDWAALS    =      2316.1848
 EELEC  =    -34149.7781  EHBOND  =         0.0000  RESTRAINT  =       114.4287
 EAMBER (non-restraint)  =    -33447.7759
 Ewald error estimate:   0.1663E-03
 ------------------------------------------------------------------------------


 NSTEP =     8250   TIME(PS) =      16.500  TEMP(K) =   300.27  PRESS =     0.0
 Etot   =    -22945.4521  EKtot   =     10406.6000  EPtot      =    -33352.0521
 BOND   =       582.3047  ANGLE   =      2864.3868  DIHED      =      1702.0366
 1-4 NB =       337.6103  1-4 EEL =     -7107.3749  VDWAALS    =      2339.2365
 EELEC  =    -34175.5156  EHBOND  =         0.0000  RESTRAINT  =       105.2634
 EAMBER (non-restraint)  =    -33457.3155
 Ewald error estimate:   0.4993E-04
 ------------------------------------------------------------------------------


 NSTEP =     8500   TIME(PS) =      17.000  TEMP(K) =   303.43  PRESS =     0.0
 Etot   =    -23134.5520  EKtot   =     10516.3285  EPtot      =    -33650.8805
 BOND   =       598.2854  ANGLE   =      2807.5987  DIHED      =      1685.7063
 1-4 NB =       341.2960  1-4 EEL =     -7099.0742  VDWAALS    =      2564.7617
 EELEC  =    -34652.9431  EHBOND  =         0.0000  RESTRAINT  =       103.4887
 EAMBER (non-restraint)  =    -33754.3692
 Ewald error estimate:   0.3053E-04
 ------------------------------------------------------------------------------


 NSTEP =     8750   TIME(PS) =      17.500  TEMP(K) =   297.56  PRESS =     0.0
 Etot   =    -23097.5402  EKtot   =     10312.8580  EPtot      =    -33410.3982
 BOND   =       633.8971  ANGLE   =      2863.4870  DIHED      =      1733.5669
 1-4 NB =       339.0871  1-4 EEL =     -7122.7532  VDWAALS    =      2295.3165
 EELEC  =    -34265.7392  EHBOND  =         0.0000  RESTRAINT  =       112.7397
 EAMBER (non-restraint)  =    -33523.1378
 Ewald error estimate:   0.1153E-03
 ------------------------------------------------------------------------------


 NSTEP =     9000   TIME(PS) =      18.000  TEMP(K) =   296.85  PRESS =     0.0
 Etot   =    -23072.8362  EKtot   =     10288.2333  EPtot      =    -33361.0695
 BOND   =       618.0243  ANGLE   =      2819.5470  DIHED      =      1699.2832
 1-4 NB =       343.2028  1-4 EEL =     -7097.7684  VDWAALS    =      2392.4971
 EELEC  =    -34253.1382  EHBOND  =         0.0000  RESTRAINT  =       117.2828
 EAMBER (non-restraint)  =    -33478.3523
 Ewald error estimate:   0.2467E-04
 ------------------------------------------------------------------------------


 NSTEP =     9250   TIME(PS) =      18.500  TEMP(K) =   303.45  PRESS =     0.0
 Etot   =    -23025.5326  EKtot   =     10516.7085  EPtot      =    -33542.2411
 BOND   =       586.0531  ANGLE   =      2868.1681  DIHED      =      1729.7529
 1-4 NB =       332.5041  1-4 EEL =     -7106.4742  VDWAALS    =      2396.1980
 EELEC  =    -34457.2350  EHBOND  =         0.0000  RESTRAINT  =       108.7919
 EAMBER (non-restraint)  =    -33651.0330
 Ewald error estimate:   0.6025E-04
 ------------------------------------------------------------------------------


 NSTEP =     9500   TIME(PS) =      19.000  TEMP(K) =   301.72  PRESS =     0.0
 Etot   =    -23017.9701  EKtot   =     10456.9298  EPtot      =    -33474.8999
 BOND   =       614.0794  ANGLE   =      2849.2234  DIHED      =      1726.5080
 1-4 NB =       346.0255  1-4 EEL =     -7092.8694  VDWAALS    =      2275.4954
 EELEC  =    -34298.8253  EHBOND  =         0.0000  RESTRAINT  =       105.4630
 EAMBER (non-restraint)  =    -33580.3629
 Ewald error estimate:   0.3897E-04
 ------------------------------------------------------------------------------


 NSTEP =     9750   TIME(PS) =      19.500  TEMP(K) =   304.89  PRESS =     0.0
 Etot   =    -23183.8734  EKtot   =     10566.6484  EPtot      =    -33750.5218
 BOND   =       608.1757  ANGLE   =      2820.0713  DIHED      =      1676.6392
 1-4 NB =       348.9529  1-4 EEL =     -7099.4880  VDWAALS    =      2490.3800
 EELEC  =    -34699.3157  EHBOND  =         0.0000  RESTRAINT  =       104.0629
 EAMBER (non-restraint)  =    -33854.5847
 Ewald error estimate:   0.4578E-04
 ------------------------------------------------------------------------------


 NSTEP =    10000   TIME(PS) =      20.000  TEMP(K) =   297.74  PRESS =     0.0
 Etot   =    -23177.1690  EKtot   =     10318.8268  EPtot      =    -33495.9957
 BOND   =       573.9239  ANGLE   =      2870.8151  DIHED      =      1702.8285
 1-4 NB =       347.8656  1-4 EEL =     -7086.4232  VDWAALS    =      2506.8165
 EELEC  =    -34518.1198  EHBOND  =         0.0000  RESTRAINT  =       106.2976
 EAMBER (non-restraint)  =    -33602.2933
 Ewald error estimate:   0.2509E-03
 ------------------------------------------------------------------------------


      A V E R A G E S   O V E R   10000 S T E P S


 NSTEP =    10000   TIME(PS) =      20.000  TEMP(K) =   284.49  PRESS =     0.0
 Etot   =    -23637.8228  EKtot   =      9859.6162  EPtot      =    -33497.4390
 BOND   =       578.7921  ANGLE   =      2728.0360  DIHED      =      1664.1320
 1-4 NB =       333.0335  1-4 EEL =     -7077.1889  VDWAALS    =      2578.1491
 EELEC  =    -34401.9889  EHBOND  =         0.0000  RESTRAINT  =        99.5962
 EAMBER (non-restraint)  =    -33597.0351
 Ewald error estimate:   0.6984E-04
 ------------------------------------------------------------------------------


      R M S  F L U C T U A T I O N S


 NSTEP =    10000   TIME(PS) =      20.000  TEMP(K) =    45.33  PRESS =     0.0
 Etot   =      3332.0594  EKtot   =      1571.1504  EPtot      =      1791.0980
 BOND   =        90.1730  ANGLE   =       403.2954  DIHED      =        91.0084
 1-4 NB =        17.0946  1-4 EEL =        63.8056  VDWAALS    =       467.4131
 EELEC  =      1681.3760  EHBOND  =         0.0000  RESTRAINT  =        17.0441
 EAMBER (non-restraint)  =      1774.0539
 Ewald error estimate:   0.5383E-04
 ------------------------------------------------------------------------------


--------------------------------------------------------------------------------
   5.  TIMINGS
--------------------------------------------------------------------------------

|>>>>>>>>PROFILE of Average TIMES>>>>>>>>> 
|                Build the list            28.18 (95.02% of List )
|                Other                      1.48 ( 4.98% of List )
|             List time                 29.65 ( 6.80% of Nonbo)
|                   Short_ene time           226.53 (96.66% of Direc)
|                   Other                      7.82 ( 3.34% of Direc)
|                Direct Ewald time        234.34 (57.70% of Ewald)
|                Adjust Ewald time          4.73 ( 1.16% of Ewald)
|                   Fill Bspline coeffs        5.72 ( 4.42% of Recip)
|                   Fill charge grid           9.76 ( 7.54% of Recip)
|                   Scalar sum                22.66 (17.49% of Recip)
|                   Grad sum                  15.19 (11.72% of Recip)
|                      FFT back comm time        18.60 (25.12% of FFT t)
|                      Other                     55.45 (74.88% of FFT t)
|                   FFT time                  74.05 (57.18% of Recip)
|                   Other                      2.14 ( 1.65% of Recip)
|                Recip Ewald time         129.52 (31.89% of Ewald)
|                Force Adjust              35.40 ( 8.72% of Ewald)
|                Virial junk                1.15 ( 0.28% of Ewald)
|                Other                      1.01 ( 0.25% of Ewald)
|             Ewald time               406.17 (93.19% of Nonbo)
|          Nonbond force            435.83 (97.41% of Force)
|          Bond/Angle/Dihedral        9.18 ( 2.05% of Force)
|          FRC Collect time           1.53 ( 0.34% of Force)
|          Other                      0.86 ( 0.19% of Force)
|       Force time               447.40 (89.78% of Runmd)
|       Shake time                 2.71 ( 0.54% of Runmd)
|       Verlet update time        46.11 ( 9.25% of Runmd)
|       CRD distribute time        0.82 ( 0.16% of Runmd)
|       Other                      1.28 ( 0.26% of Runmd)
|    Runmd Time               498.32 (100.0% of Total)
|    Other                      0.13 ( 0.03% of Total)
| Total time               498.45 (100.0% of ALL  )

| Number of list builds   :       1006

| Highest rstack allocated:     511678
| Highest istack allocated:       6180

| Final Performance Info:
| -----------------------------------------------------
| Average timings for all steps:
|     Elapsed(s) =     498.32 Per Step(ms) =      49.83
|         ns/day =       3.47   seconds/ns =   24916.20
| -----------------------------------------------------

|           Job began  at 21:16:27.106  on 05/25/2020
|           Setup done at 21:16:27.237  on 05/25/2020
|           Run   done at 21:24:45.561  on 05/25/2020
|     wallclock() was called  552109 times
