
          -------------------------------------------------------
          Amber 18 SANDER                              2018
          -------------------------------------------------------

| Run on 05/25/2020 at 21:01:53

|   Executable path: /home/guscafe/Documents/amber18/bin/sander.MPI
| Working directory: /home/guscafe/Documents/amber18/B02_Tutorial/Ethanol_Solut/Test/GoodRun/MD2
|          Hostname: Unknown
  [-O]verwriting output

File Assignments:
|  MDIN: DNA_md2.in                                                            
| MDOUT: Output/DNA_md5.out                                                    
|INPCRD: Output/DNA_md4.ncrst                                                  
|  PARM: ../dna.prmtop                                                         
|RESTRT: Output/DNA_md5.ncrst                                                  
|  REFC: refc                                                                  
| MDVEL: mdvel                                                                 
| MDFRC: mdfrc                                                                 
|  MDEN: mden                                                                  
| MDCRD: Output/DNA_md5.nc                                                     
|MDINFO: mdinfo                                                                
|  MTMD: mtmd                                                                  
|INPDIP: inpdip                                                                
|RSTDIP: rstdip                                                                
|INPTRA: inptraj                                                               

|    REMLOG: rem.log
|   REMTYPE: rem.type
|  REMSTRIP: 
|   SAVEENE: saveene
|CLUSTERINF: cluster.info
| RESERVOIR: reserv/frame
|   REMDDIM: 


 Here is the input file:

A-DNA 10-mer: 200ps of MD                                                      
 &cntrl                                                                        
  imin = 0, irest = 1, ntx = 5,                                                
  ntb = 2, pres0 = 1.0, ntp = 1,                                               
  taup = 2.0,                                                                  
  cut = 10.0, ntr = 0,                                                         
  ntc = 2, ntf = 2,                                                            
  tempi = 300.0, temp0 = 300.0,                                                
  ntt = 3, gamma_ln = 1.0,                                                     
  nstlim = 100000, dt = 0.002,                                                 
  ntpr = 250, ntwx = 250, ntwr = 10000                                         
 /                                                                             

--------------------------------------------------------------------------------
   1.  RESOURCE   USE: 
--------------------------------------------------------------------------------

| Flags: MPI                                                                    
 getting box info from netcdf restart file
| NetCDF restart box info found
|Largest sphere to fit in unit cell has radius =    27.501
| New format PARM file being parsed.
| Version =    1.000 Date = 05/20/20 Time = 19:35:35
 NATOM  =   16124 NTYPES =      17 NBONH =   13491 MBONA  =    1926
 NTHETH =    9398 MTHETA =    1431 NPHIH =   12876 MPHIA  =    1326
 NHPARM =       0 NPARM  =       0 NNB   =   40400 NRES   =    3720
 NBONA  =    1926 NTHETA =    1431 NPHIA =    1326 NUMBND =      46
 NUMANG =      82 NPTRA  =      56 NATYP =      34 NPHB   =       1
 IFBOX  =       1 NMXRS  =      33 IFCAP =       0 NEXTRA =       0
 NCOPY  =       0


|     Memory Use     Allocated
|     Real             1195792
|     Hollerith          52094
|     Integer          1117933
|     Max Pairs        2321856
|     nblistReal        193488
|     nblist Int        595407
|       Total            26819 kbytes

| Note: 1-4 EEL scale factors are being read from the topology file.

| Note: 1-4 VDW scale factors are being read from the topology file.
| Duplicated    0 dihedrals
| Duplicated    0 dihedrals

     BOX TYPE: RECTILINEAR

--------------------------------------------------------------------------------
   2.  CONTROL  DATA  FOR  THE  RUN
--------------------------------------------------------------------------------

default_name                                                                    

General flags:
     imin    =       0, nmropt  =       0

Nature and format of input:
     ntx     =       5, irest   =       1, ntrx    =       1

Nature and format of output:
     ntxo    =       2, ntpr    =     250, ntrx    =       1, ntwr    =   10000
     iwrap   =       0, ntwx    =     250, ntwv    =       0, ntwe    =       0
     ioutfm  =       1, ntwprt  =       0, idecomp =       0, rbornstat=      0

Potential function:
     ntf     =       2, ntb     =       2, igb     =       0, nsnb    =      25
     ipol    =       0, gbsa    =       0, iesp    =       0
     dielc   =   1.00000, cut     =  10.00000, intdiel =   1.00000

Frozen or restrained atoms:
     ibelly  =       0, ntr     =       0

Molecular dynamics:
     nstlim  =    100000, nscm    =      1000, nrespa  =         1
     t       =   0.00000, dt      =   0.00200, vlimit  =  20.00000

Langevin dynamics temperature regulation:
     ig      =   71277
     temp0   = 300.00000, tempi   = 300.00000, gamma_ln=   1.00000

Pressure regulation:
     ntp     =       1
     pres0   =   1.00000, comp    =  44.60000, taup    =   2.00000

SHAKE:
     ntc     =       2, jfastw  =       0
     tol     =   0.00001

Ewald parameters:
     verbose =       0, ew_type =       0, nbflag  =       1, use_pme =       1
     vdwmeth =       1, eedmeth =       1, netfrc  =       1
     Box X =   55.002   Box Y =   55.002   Box Z =   55.002
     Alpha =   90.000   Beta  =   90.000   Gamma =   90.000
     NFFT1 =   60       NFFT2 =   60       NFFT3 =   60
     Cutoff=   10.000   Tol   =0.100E-04
     Ewald Coefficient =  0.27511
     Interpolation order =    4

| MPI Timing options:
|      profile_mpi =        0
|  INFO: Old style inpcrd file read


--------------------------------------------------------------------------------
   3.  ATOMIC COORDINATES AND VELOCITIES
--------------------------------------------------------------------------------

default_name                                                                    
 begin time read from input coords =   620.000 ps

 Number of triangulated 3-point waters found:     2945
|  Atom division among processors:
|         0    4031    8063   12095   16124

     Sum of charges from parm topology file =   0.00073869
     Forcing neutrality...
|  Running AMBER/MPI version on    4 nodes


--------------------------------------------------------------------------------
   4.  RESULTS
--------------------------------------------------------------------------------

|  # of SOLUTE  degrees of freedom (RNDFP):   34881.
|  # of SOLVENT degrees of freedom (RNDFS):       0.
|  NDFMIN =   34881.     NUM_NOSHAKE =      0     CORRECTED RNDFP =   34881.
|  TOTAL # of degrees of freedom (RNDF) =   34881.
 ---------------------------------------------------
 APPROXIMATING switch and d/dx switch using CUBIC SPLINE INTERPOLATION
 using   5000.0 points per unit in tabled values
 TESTING RELATIVE ERROR over r ranging from 0.0 to cutoff
| CHECK switch(x): max rel err =   0.2738E-14   at   2.422500
| CHECK d/dx switch(x): max rel err =   0.8314E-11   at   2.736960
 ---------------------------------------------------
| Local SIZE OF NONBOND LIST =    1400983
| TOTAL SIZE OF NONBOND LIST =    5615983

 NSTEP =      250   TIME(PS) =     620.500  TEMP(K) =   300.48  PRESS =  -123.7
 Etot   =    -27724.4599  EKtot   =     10413.9095  EPtot      =    -38138.3694
 BOND   =       613.1073  ANGLE   =      2943.3627  DIHED      =      1666.1724
 1-4 NB =       343.0053  1-4 EEL =     -7121.1246  VDWAALS    =      1031.2180
 EELEC  =    -37614.1105  EHBOND  =         0.0000  RESTRAINT  =         0.0000
 EKCMT  =      3329.3618  VIRIAL  =      3773.7551  VOLUME     =    166351.7758
                                                    Density    =         0.9329
 Ewald error estimate:   0.2483E-04
 ------------------------------------------------------------------------------


 NSTEP =      500   TIME(PS) =     621.000  TEMP(K) =   296.55  PRESS =    51.2
 Etot   =    -27811.1736  EKtot   =     10277.8181  EPtot      =    -38088.9917
 BOND   =       588.2072  ANGLE   =      2908.1726  DIHED      =      1698.8443
 1-4 NB =       347.5881  1-4 EEL =     -7111.8735  VDWAALS    =      1061.7893
 EELEC  =    -37581.7198  EHBOND  =         0.0000  RESTRAINT  =         0.0000
 EKCMT  =      3235.0492  VIRIAL  =      3050.9384  VOLUME     =    166404.8803
                                                    Density    =         0.9326
 Ewald error estimate:   0.9751E-04
 ------------------------------------------------------------------------------


 NSTEP =      750   TIME(PS) =     621.500  TEMP(K) =   301.34  PRESS =   115.6
 Etot   =    -27622.1157  EKtot   =     10443.6313  EPtot      =    -38065.7471
 BOND   =       625.5906  ANGLE   =      2872.1103  DIHED      =      1684.4220
 1-4 NB =       329.7275  1-4 EEL =     -7127.6519  VDWAALS    =      1003.9359
 EELEC  =    -37453.8815  EHBOND  =         0.0000  RESTRAINT  =         0.0000
 EKCMT  =      3318.6621  VIRIAL  =      2903.7622  VOLUME     =    166188.1059
                                                    Density    =         0.9338
 Ewald error estimate:   0.1308E-03
 ------------------------------------------------------------------------------


 NSTEP =     1000   TIME(PS) =     622.000  TEMP(K) =   300.72  PRESS =   381.3
 Etot   =    -27719.0972  EKtot   =     10422.1445  EPtot      =    -38141.2417
 BOND   =       629.8608  ANGLE   =      2829.9461  DIHED      =      1670.0116
 1-4 NB =       339.2437  1-4 EEL =     -7106.8411  VDWAALS    =      1128.1605
 EELEC  =    -37631.6234  EHBOND  =         0.0000  RESTRAINT  =         0.0000
 EKCMT  =      3381.9939  VIRIAL  =      2012.1339  VOLUME     =    166375.1363
                                                    Density    =         0.9328
 Ewald error estimate:   0.2092E-04
 ------------------------------------------------------------------------------


 NSTEP =     1250   TIME(PS) =     622.500  TEMP(K) =   299.82  PRESS =  -262.8
 Etot   =    -27775.1590  EKtot   =     10391.1701  EPtot      =    -38166.3291
 BOND   =       619.4344  ANGLE   =      2804.7570  DIHED      =      1665.8190
 1-4 NB =       335.7493  1-4 EEL =     -7107.7614  VDWAALS    =       960.6728
 EELEC  =    -37445.0002  EHBOND  =         0.0000  RESTRAINT  =         0.0000
 EKCMT  =      3319.6155  VIRIAL  =      4263.2849  VOLUME     =    166283.5951
                                                    Density    =         0.9333
 Ewald error estimate:   0.1416E-03
 ------------------------------------------------------------------------------


 NSTEP =     1500   TIME(PS) =     623.000  TEMP(K) =   301.31  PRESS =   -41.9
 Etot   =    -27679.3042  EKtot   =     10442.5349  EPtot      =    -38121.8391
 BOND   =       625.0876  ANGLE   =      2845.1165  DIHED      =      1679.5438
 1-4 NB =       332.1589  1-4 EEL =     -7099.9920  VDWAALS    =      1040.2277
 EELEC  =    -37543.9815  EHBOND  =         0.0000  RESTRAINT  =         0.0000
 EKCMT  =      3402.9262  VIRIAL  =      3553.3716  VOLUME     =    166267.5517
                                                    Density    =         0.9334
 Ewald error estimate:   0.1261E-03
 ------------------------------------------------------------------------------


 NSTEP =     1750   TIME(PS) =     623.500  TEMP(K) =   302.99  PRESS =   -61.2
 Etot   =    -27563.7707  EKtot   =     10500.8082  EPtot      =    -38064.5788
 BOND   =       591.1814  ANGLE   =      2874.2773  DIHED      =      1711.4136
 1-4 NB =       338.1379  1-4 EEL =     -7119.0230  VDWAALS    =       939.3527
 EELEC  =    -37399.9187  EHBOND  =         0.0000  RESTRAINT  =         0.0000
 EKCMT  =      3367.4857  VIRIAL  =      3587.4428  VOLUME     =    166335.3992
                                                    Density    =         0.9330
 Ewald error estimate:   0.1587E-03
 ------------------------------------------------------------------------------


 NSTEP =     2000   TIME(PS) =     624.000  TEMP(K) =   299.82  PRESS =     7.2
 Etot   =    -27596.9223  EKtot   =     10390.9561  EPtot      =    -37987.8784
 BOND   =       622.9144  ANGLE   =      2884.9296  DIHED      =      1704.3900
 1-4 NB =       351.4486  1-4 EEL =     -7108.7853  VDWAALS    =      1050.6256
 EELEC  =    -37493.4013  EHBOND  =         0.0000  RESTRAINT  =         0.0000
 EKCMT  =      3367.9607  VIRIAL  =      3342.2750  VOLUME     =    166349.2984
                                                    Density    =         0.9329
 Ewald error estimate:   0.3545E-03
 ------------------------------------------------------------------------------

